IQ-TREE multicore version 2.3.5.cmaple COVID-edition for Linux x86 64-bit built May 27 2024
Developed by Bui Quang Minh, James Barbetti, Nguyen Lam Tung, Olga Chernomor,
Heiko Schmidt, Dominik Schrempf, Michael Woodhams, Ly Trong Nhan, Thomas Wong

Host:    eba5c66f80f8 (SSE4.2, 71 GB RAM)
Command: iqtree --threads-max 12 -s output/tree/aligned-delim.fasta -m GTR --ninit 2 -n 2 --epsilon 0.05 -T AUTO --redo
Seed:    48585 (Using SPRNG - Scalable Parallel Random Number Generator)
Time:    Sun Apr  6 03:21:41 2025
Kernel:  SSE2 - auto-detect threads (14 CPU cores detected)

Reading alignment file output/tree/aligned-delim.fasta ... Fasta format detected
Reading fasta file: done in 0.0261363 secs using 91.17% CPU
Alignment most likely contains DNA/RNA sequences
Alignment has 898 sequences with 1760 columns, 1287 distinct patterns
915 parsimony-informative, 123 singleton sites, 722 constant sites
            Gap/Ambiguity  Composition  p-value
Analyzing sequences: done in 0.00159108 secs using 99.99% CPU
   1  AF144305.1    0.00%    passed     99.69%
   2  PP922943.1    3.69%    passed     82.75%
   3  PP922951.1    3.69%    passed     75.32%
   4  PP947532.1    3.69%    passed     75.05%
   5  PP922959.1    3.69%    passed     82.75%
   6  PP922967.1    3.69%    passed     82.75%
   7  PP947540.1    3.69%    passed     76.98%
   8  PP947548.1    3.69%    passed     76.98%
   9  PP922975.1    3.69%    passed     73.62%
  10  PP239030.1    1.88%    passed     91.34%
  11  PV212105.1    3.47%    passed     76.39%
  12  PQ356350.1    0.51%    passed     85.86%
  13  PQ334661.1    0.51%    passed     85.86%
  14  PQ334666.1    0.51%    passed     85.86%
  15  PQ334803.1    0.51%    passed     85.86%
  16  OR777118.1    3.18%    passed     84.29%
  17  OR777123.1    3.18%    passed     77.48%
  18  OR777132.1    3.18%    passed     77.99%
  19  OR777129.1    3.18%    passed     75.64%
  20  OR777121.1    3.18%    passed     76.20%
  21  OR664443.1    0.51%    passed     86.81%
  22  OP023638.1    0.51%    passed     82.27%
  23  OP023710.1    0.51%    passed     80.03%
  24  OR467222.1    0.51%    passed     75.61%
  25  OR467024.1    0.51%    passed     81.78%
  26  OP023601.1    0.51%    passed     80.56%
  27  OP023848.1    0.51%    passed     81.17%
  28  OR664580.1    0.51%    passed     79.62%
  29  OR467199.1    0.51%    passed     70.77%
  30  OR664573.1    0.51%    passed     77.44%
  31  PQ009488.1    0.51%    passed     89.75%
  32  OQ067817.1    1.02%    passed     93.11%
  33  PQ334765.1    0.51%    passed     78.56%
  34  PV212263.1    3.86%    passed     63.61%
  35  OR772987.1    0.17%    passed     84.65%
  36  OR772989.1    0.17%    passed     82.39%
  37  OR772992.1    3.18%    passed     73.77%
  38  PV094493.1   11.65%    passed     50.34%
  39  OP023550.1    0.51%    passed     66.56%
  40  OP023753.1    0.51%    passed     64.19%
  41  OP023944.1    0.51%    passed     62.82%
  42  OP023915.1    0.51%    passed     59.31%
  43  OR772994.1    3.18%    passed     69.97%
  44  OR772995.1    3.18%    passed     57.52%
  45  OR773000.1    3.18%    passed     48.41%
  46  OP023585.1    0.51%    passed     67.62%
  47  OR777116.1    3.18%    passed     73.92%
  48  OL311387.1    3.35%    passed     92.03%
  49  PQ881959.1    0.23%    passed     89.48%
  50  PQ881967.1    0.23%    passed     90.35%
  51  PQ881975.1    0.17%    passed     91.52%
  52  PP732843.1    0.17%    passed     87.98%
  53  OR539347.1    0.17%    passed     86.31%
  54  OR539355.1    0.17%    passed     83.59%
  55  OR539363.1    0.17%    passed     83.59%
  56  OR539387.1    0.17%    passed     87.45%
  57  OR539379.1    0.17%    passed     86.31%
  58  OR105066.1    1.93%    passed     89.24%
  59  OR105058.1    0.17%    passed     83.30%
  60  OR539419.1    0.17%    passed     94.67%
  61  OR539427.1    0.17%    passed     94.67%
  62  PP732859.1    0.17%    passed     85.84%
  63  PP732867.1    0.17%    passed     82.60%
  64  PP732851.1    0.17%    passed     95.03%
  65  OR632212.1    0.23%    passed     81.76%
  66  OR539371.1    0.23%    passed     84.70%
  67  PV242322.1    1.14%    passed     97.59%
  68  PV187891.1    2.33%    passed     97.74%
  69  PV242330.1    0.91%    passed     97.41%
  70  PV242346.1    1.14%    passed     96.71%
  71  PQ736123.1    1.14%    passed     95.44%
  72  PQ736144.1    0.51%    passed     88.91%
  73  PQ736216.1    0.68%    passed     93.49%
  74  PQ736248.1    0.51%    passed     93.80%
  75  PQ736296.1    0.68%    passed     93.42%
  76  PQ736256.1    0.62%    passed     97.58%
  77  PV187955.1    1.02%    passed     94.71%
  78  PV187907.1    0.91%    passed     85.68%
  79  PV242338.1    1.19%    passed     99.15%
  80  PV187883.1    1.19%    passed     99.49%
  81  PV187759.1    1.25%    passed     99.41%
  82  PV187791.1    1.36%    passed     98.78%
  83  PV187915.1    1.08%    passed     98.80%
  84  PQ736264.1    0.51%    passed     97.97%
  85  PV187979.1    0.62%    passed     98.56%
  86  PQ736240.1    0.62%    passed     97.88%
  87  PV188011.1    0.85%    passed     97.76%
  88  PV242386.1    1.02%    passed     98.49%
  89  PV187835.1    1.65%    passed     97.95%
  90  PV242378.1    2.73%    passed     97.08%
  91  PV242370.1    1.48%    passed     98.16%
  92  PV242362.1    4.43%    passed     99.76%
  93  PV242354.1    1.59%    passed     95.16%
  94  PV112112.1    3.18%    passed     99.89%
  95  PV112130.1    3.18%    passed     98.90%
  96  PV112138.1    3.18%    passed     98.50%
  97  PV112122.1    3.18%    passed     99.73%
  98  PV112113.1    3.18%    passed     99.61%
  99  PQ643393.1    3.18%    passed     99.19%
 100  PV033329.1    3.24%    passed     99.89%
 101  PQ241674.1    8.47%    passed     88.18%
 102  PP989362.1    3.18%    passed     99.84%
 103  PP348305.1    3.18%    passed     99.84%
 104  PP267965.1    0.17%    passed     99.95%
 105  PP346196.1    1.36%    passed     98.43%
 106  PP348220.1    3.18%    passed     99.99%
 107  PP348169.1    3.18%    passed     99.89%
 108  PP348118.1    3.18%    passed     99.89%
 109  PQ135847.1    3.18%    passed     98.85%
 110  PQ358305.1    3.18%    passed     99.88%
 111  PQ722568.1    3.18%    passed     99.77%
 112  PP732683.1    0.17%    passed     98.60%
 113  PP732691.1    0.17%    passed     98.60%
 114  OR388761.1    0.17%    passed     99.59%
 115  OR388762.1    0.17%    passed     99.59%
 116  LC765309.1    0.17%    passed     98.80%
 117  LC765293.1    0.17%    passed     99.55%
 118  PQ356364.1    0.51%    passed     99.60%
 119  PQ334754.1    0.51%    passed     99.60%
 120  PQ334771.1    0.51%    passed     99.70%
 121  PQ334782.1    0.51%    passed     99.76%
 122  PQ334799.1    0.51%    passed     99.84%
 123  PQ334693.1    0.51%    passed     98.82%
 124  PQ334698.1    0.51%    passed     98.82%
 125  PQ334722.1    0.51%    passed     98.82%
 126  PQ334791.1    0.51%    passed     98.82%
 127  PQ037284.1    0.51%    passed     98.68%
 128  PP680436.1    0.51%    passed     99.52%
 129  PP680480.1    0.51%    passed     99.52%
 130  PP068549.1    0.51%    passed     99.78%
 131  PQ037576.1    0.51%    passed     99.88%
 132  PP680492.1    0.51%    passed     99.69%
 133  PP872509.1    0.51%    passed     97.41%
 134  PP721356.1    0.51%    passed     97.04%
 135  PP340458.1    3.18%    passed     98.86%
 136  PV218193.1    3.18%    passed     98.55%
 137  PV161967.1    3.18%    passed     98.11%
 138  PV059993.1    3.18%    passed     97.47%
 139  PV159623.1    3.18%    passed     98.27%
 140  PV218369.1    3.18%    passed     94.46%
 141  PV218505.1    3.18%    passed     95.85%
 142  PV159855.1    3.18%    passed     95.85%
 143  PV159871.1    3.18%    passed     96.68%
 144  PV161959.1    3.18%    passed     96.81%
 145  PV161919.1    3.18%    passed     96.60%
 146  PV161943.1    3.18%    passed     96.60%
 147  PV162191.1    3.18%    passed     96.60%
 148  PV218305.1    3.18%    passed     96.65%
 149  PV218545.1    3.18%    passed     97.35%
 150  PV219161.1    3.18%    passed     97.35%
 151  PV070861.1    3.18%    passed     95.42%
 152  PQ797129.1    3.18%    passed     98.13%
 153  PP348272.1    3.18%    passed     98.53%
 154  PP031948.1    3.18%    passed     96.46%
 155  PP031949.1    3.18%    passed     96.46%
 156  PP031950.1    3.18%    passed     98.04%
 157  PQ109025.1    3.18%    passed     97.09%
 158  PQ109033.1    3.18%    passed     97.32%
 159  PQ109041.1    3.18%    passed     98.32%
 160  LC775579.1    0.17%    passed     96.38%
 161  LC765301.1    0.17%    passed     95.29%
 162  LC718322.1    0.17%    passed     97.54%
 163  LC718354.1    0.17%    passed     97.22%
 164  LC718274.1    0.17%    passed     95.47%
 165  LC718234.1    0.17%    passed     96.49%
 166  LC730537.1    5.23%    passed     89.36%
 167  LC831696.1    3.69%    passed     89.26%
 168  LC762447.1    8.01%    passed     76.08%
 169  LC762449.1    8.01%    passed     79.26%
 170  LC730545.1    8.58%    passed     86.54%
 171  PP031951.1    3.18%    passed     99.88%
 172  PP031952.1    3.18%    passed     99.74%
 173  PQ898024.1    3.18%    passed     98.50%
 174  PP191104.1    3.18%    passed     99.67%
 175  PP191106.1    3.18%    passed     99.76%
 176  PP191105.1    3.18%    passed     99.44%
 177  PP191107.1    3.18%    passed     99.86%
 178  OQ632835.1    3.24%    passed     99.87%
 179  PP191108.1    3.18%    passed     99.76%
 180  PP191109.1    3.18%    passed     99.76%
 181  PP191110.1    3.18%    passed     99.45%
 182  PP853088.1    0.51%    passed     97.41%
 183  PP853096.1    0.51%    passed     98.10%
 184  PP853104.1    0.51%    passed     98.61%
 185  OP874615.1    0.51%    passed     98.17%
 186  MW961460.1    0.51%    passed     99.84%
 187  OP597612.1    1.42%    passed     99.63%
 188  OP597628.1    1.42%    passed     99.58%
 189  OP597636.1    1.42%    passed     99.63%
 190  OP597620.1    1.42%    passed     96.34%
 191  OP828913.1    3.18%    passed     99.99%
 192  OQ632819.1    3.18%    passed     99.96%
 193  OQ632821.1    3.18%    passed     99.96%
 194  OQ632822.1    3.18%    passed     99.83%
 195  OQ632827.1    3.18%    passed     99.71%
 196  OQ632833.1    3.18%    passed     98.10%
 197  OQ632834.1    3.24%    passed     97.78%
 198  OQ632828.1    3.18%    passed     99.57%
 199  OQ632830.1    3.18%    passed     99.45%
 200  OQ632831.1    3.18%    passed     99.18%
 201  ON870413.1    0.51%    passed     99.50%
 202  ON870427.1    0.91%    passed     99.80%
 203  ON870434.1    0.91%    passed     99.68%
 204  ON870420.1    0.80%    passed     99.81%
 205  MW961492.1    0.80%    passed     98.62%
 206  MW961468.1    0.80%    passed     99.57%
 207  MW961452.1    0.80%    passed     99.32%
 208  PQ098597.1    1.36%    passed     99.70%
 209  PQ098776.1    1.36%    passed     99.83%
 210  PQ098691.1    3.24%    passed     99.91%
 211  OQ804411.1    3.18%    passed     99.93%
 212  PQ685010.1    1.36%    passed     98.23%
 213  PQ098784.1    1.36%    passed     98.67%
 214  PQ645047.1    0.74%    passed     97.64%
 215  PQ098608.1    1.42%    passed     96.12%
 216  PQ098624.1    1.36%    passed     95.53%
 217  PQ098616.1    1.36%    passed     97.37%
 218  PQ098664.1    3.18%    passed     97.53%
 219  PQ098680.1    3.18%    passed     95.08%
 220  PQ098724.1    3.18%    passed     94.06%
 221  PQ098707.1    3.18%    passed     95.08%
 222  OK022463.1    3.35%    passed     97.39%
 223  OK022479.1    3.35%    passed     97.39%
 224  OK022519.1    3.35%    passed     97.39%
 225  OK022543.1    3.35%    passed     98.71%
 226  OK022559.1    3.35%    passed     98.16%
 227  OK022607.1    3.35%    passed     99.12%
 228  OK022599.1    3.35%    passed     99.08%
 229  OK022535.1    3.35%    passed     98.67%
 230  ON862712.1    3.18%    passed     96.69%
 231  ON862720.1    3.18%    passed     95.46%
 232  OR048713.1    3.18%    passed     97.63%
 233  OM868039.1    3.18%    passed     98.63%
 234  OQ711838.1    3.24%    passed     98.58%
 235  OP597554.1    1.42%    passed     99.46%
 236  OP597570.1    1.42%    passed     98.70%
 237  OP597578.1    1.42%    passed     98.98%
 238  OP597562.1    1.42%    passed     99.70%
 239  OP597594.1    1.42%    passed     99.69%
 240  OP597602.1    1.42%    passed     99.28%
 241  OL442766.1    0.17%    passed     99.16%
 242  LC699656.1    0.17%    passed     99.42%
 243  OK022503.1    1.36%    passed     99.81%
 244  ON862696.1    3.18%    passed     98.31%
 245  ON862704.1    3.18%    passed     98.31%
 246  MW961428.1    0.17%    passed     99.22%
 247  MW961484.1    0.17%    passed     99.55%
 248  MW961444.1    0.17%    passed     99.22%
 249  MW961476.1    0.17%    passed     99.22%
 250  MW961436.1    0.17%    passed     99.28%
 251  MZ166240.1    3.18%    passed     99.55%
 252  OP413048.1    3.35%    passed     99.69%
 253  OQ380623.1    2.44%    passed     99.63%
 254  OL638145.1    1.02%    passed     97.34%
 255  OL636392.1    1.02%    passed     97.81%
 256  ON974725.1   14.60%    passed     84.17%
 257  OM943980.1   14.60%    passed     84.17%
 258  ON974889.1   14.60%    passed     81.59%
 259  ON974893.1   14.60%    passed     81.59%
 260  ON974895.1   14.60%    passed     81.59%
 261  OM943969.1   14.60%    passed     81.43%
 262  OM943974.1   14.60%    passed     81.43%
 263  OM943982.1   14.60%    passed     81.43%
 264  OM943970.1   14.60%    passed     81.59%
 265  ON974881.1   14.66%    passed     81.84%
 266  ON974882.1   14.60%    passed     92.13%
 267  ON974883.1   14.60%    passed     94.05%
 268  OM943964.1   14.60%    passed     92.40%
 269  OM943962.1   14.60%    passed     93.20%
 270  OM943963.1   14.60%    passed     89.38%
 271  PQ724322.1    0.17%    passed     98.72%
 272  OP590517.1    0.17%    passed     98.72%
 273  OR783378.1    0.17%    passed     98.74%
 274  OR783329.1    0.17%    passed     98.04%
 275  OR783406.1    0.17%    passed     98.04%
 276  OR783336.1    0.17%    passed     98.04%
 277  OR783452.1    0.17%    passed     98.04%
 278  OR783436.1    0.17%    passed     98.14%
 279  OR783400.1    0.23%    passed     99.38%
 280  PQ710625.1    3.18%    passed     96.98%
 281  LC656644.1    0.17%    passed     97.61%
 282  MW947143.1    1.02%    passed     98.79%
 283  PQ098725.1    1.25%    passed     97.45%
 284  ON870441.1    0.80%    passed     99.60%
 285  OL477469.1    0.80%    passed     99.82%
 286  OL477524.1    0.80%    passed     99.82%
 287  PQ278123.1    1.19%    passed     99.77%
 288  ON847347.1    9.77%    passed     69.58%
 289  ON024719.1    9.77%    passed     72.62%
 290  ON024722.1    9.77%    passed     76.16%
 291  ON024720.1    9.77%    passed     65.02%
 292  ON024725.1    9.77%    passed     51.01%
 293  ON024721.1    9.77%    passed     72.00%
 294  ON430504.1    7.16%    passed     78.02%
 295  OL353696.1    0.91%    passed     99.75%
 296  OL366043.1    0.91%    passed     99.75%
 297  OL354982.1    0.17%    passed     98.73%
 298  OP278667.1    0.17%    passed     97.74%
 299  PP760204.1    1.36%    passed     99.39%
 300  PP763488.1    1.36%    passed     99.71%
 301  PP763699.1    1.36%    passed     99.71%
 302  PQ098748.1    1.48%    passed     96.54%
 303  OL519551.1    3.18%    passed     99.61%
 304  OP209769.1    3.18%    passed     99.63%
 305  ON716427.1    3.18%    passed     99.12%
 306  ON716428.1    3.18%    passed     99.85%
 307  ON716431.1    3.18%    passed     99.61%
 308  ON716429.1    3.18%    passed     99.83%
 309  ON716430.1    3.18%    passed     99.83%
 310  OR349633.1    2.95%    passed     99.16%
 311  PV209775.1    3.41%    passed     96.38%
 312  PV210090.1    3.41%    passed     96.38%
 313  OP413046.1    3.35%    passed     99.29%
 314  OQ933410.1   11.88%    passed     81.49%
 315  PV163093.1    6.88%    passed     98.11%
 316  PP504205.1    0.17%    passed     99.93%
 317  LC699664.1    0.17%    passed     99.25%
 318  LC699152.1    0.17%    passed     98.99%
 319  LC699184.1    0.17%    passed     99.61%
 320  LC699160.1    0.17%    passed     99.54%
 321  LC705174.1    0.17%    passed     99.57%
 322  LC718290.1    0.17%    passed     97.54%
 323  LC718282.1    0.17%    passed     99.53%
 324  LC699168.1    0.17%    passed     98.67%
 325  LC762446.1    8.01%    passed     99.09%
 326  PP410101.1   11.36%    passed     79.51%
 327  PP410102.1   11.36%    passed     80.28%
 328  PP410104.1   11.36%    passed     90.31%
 329  PQ395270.1    3.18%    passed     95.30%
 330  OM912782.1   10.68%    passed     88.65%
 331  PQ395279.1    3.18%    passed     96.81%
 332  PQ395283.1    3.18%    passed     99.51%
 333  OQ920204.1    0.17%    passed     96.93%
 334  OP776802.1    1.36%    passed     99.28%
 335  PQ643771.1    0.91%    passed     95.51%
 336  PQ645039.1    1.36%    passed     90.57%
 337  PQ643964.1    1.59%    passed     93.17%
 338  PV124974.1    0.68%    passed     92.10%
 339  PV124994.1    0.68%    passed     92.10%
 340  PV212679.1    3.18%    passed     99.04%
 341  PQ702721.1    3.18%    passed     98.83%
 342  OQ960204.1    3.18%    passed     97.63%
 343  OQ963828.1    3.18%    passed     97.63%
 344  OQ965108.1    3.18%    passed     98.31%
 345  OQ958044.1    3.18%    passed     98.31%
 346  OQ789275.1    3.18%    passed     98.31%
 347  OQ957756.1    3.18%    passed     99.24%
 348  OQ966668.1    3.18%    passed     98.31%
 349  OQ961700.1    3.18%    passed     98.22%
 350  PQ713113.1    3.18%    passed     97.22%
 351  OQ959796.1    3.18%    passed     97.67%
 352  PQ713785.1    3.18%    passed     99.09%
 353  PQ713825.1    3.18%    passed     99.86%
 354  PQ709561.1    3.18%    passed     97.45%
 355  OQ683466.1    0.51%    passed     97.94%
 356  OQ683498.1    0.51%    passed     98.65%
 357  OQ683474.1    0.45%    passed     97.49%
 358  PP426567.1    3.18%    passed     99.85%
 359  PP426575.1    3.18%    passed     99.85%
 360  PP426583.1    3.18%    passed     99.97%
 361  OR381627.1    3.18%    passed     99.97%
 362  OR381660.1    3.18%    passed     99.97%
 363  OR381668.1    3.18%    passed     99.97%
 364  OR381636.1    3.18%    passed     99.90%
 365  OR381644.1    3.18%    passed     99.90%
 366  OR857851.1    3.18%    passed     99.99%
 367  PQ701705.1    3.18%    passed     99.61%
 368  PQ710001.1    3.18%    passed     98.76%
 369  PP801727.1    3.24%    passed     98.56%
 370  OR381596.1    3.18%    passed     99.86%
 371  OR381604.1    3.18%    passed     99.86%
 372  OR381612.1    3.18%    passed     99.86%
 373  OR381620.1    3.18%    passed     99.86%
 374  OR912282.1    3.18%    passed     99.85%
 375  OR912283.1    3.18%    passed     99.85%
 376  OR912287.1    3.18%    passed     99.85%
 377  OR912288.1    3.18%    passed     99.85%
 378  OR912289.1    3.18%    passed     99.85%
 379  OR912284.1    3.18%    passed     99.75%
 380  OR912285.1    3.18%    passed     99.75%
 381  OR912291.1    3.18%    passed     99.75%
 382  OR912293.1    3.18%    passed     99.75%
 383  OR912354.1    3.18%    passed     99.75%
 384  OR912362.1    3.18%    passed     99.75%
 385  OR912286.1    3.18%    passed     99.76%
 386  OR912290.1    3.18%    passed     99.76%
 387  OR912292.1    3.18%    passed     99.76%
 388  PP094671.1    3.18%    passed     99.76%
 389  PP094679.1    3.18%    passed     99.76%
 390  OR912294.1    3.18%    passed     99.86%
 391  OR912295.1    3.18%    passed     99.68%
 392  OR591550.1    3.18%    passed     99.77%
 393  OQ747760.1    3.18%    passed     99.77%
 394  OR591551.1    3.18%    passed     99.73%
 395  OQ747761.1    3.18%    passed     99.44%
 396  OQ747758.1    3.18%    passed     99.73%
 397  OQ747759.1    3.18%    passed     99.88%
 398  OQ747762.1    3.18%    passed     99.88%
 399  OR381588.1    3.18%    passed     99.73%
 400  OR381676.1    3.18%    passed     99.91%
 401  PP488313.1    1.36%    passed     99.99%
 402  PP488329.1    1.36%    passed     99.94%
 403  PP488321.1    1.36%    passed     99.96%
 404  PP488337.1    1.36%    passed     99.98%
 405  PQ002114.1    0.40%    passed     99.99%
 406  PQ002122.1    0.40%    passed     99.99%
 407  PQ002130.1    0.40%    passed     99.99%
 408  PQ002138.1    0.40%    passed     99.99%
 409  PQ002146.1    0.40%    passed     99.99%
 410  PQ002154.1    0.40%    passed     99.99%
 411  OR987084.1    0.40%    passed     99.97%
 412  OR987100.1    0.17%    passed     99.97%
 413  OR987108.1    0.17%    passed     99.97%
 414  OR987124.1    0.17%    passed     99.97%
 415  OQ925725.1    0.17%    passed     99.77%
 416  PP768250.1    0.17%    passed     99.95%
 417  PP488345.1    1.93%    passed     99.70%
 418  PQ295907.1    1.14%    passed     99.89%
 419  OR987092.1    1.08%    passed     99.94%
 420  PQ707641.1    3.18%    passed     98.04%
 421  PQ707665.1    3.18%    passed     99.61%
 422  PQ709241.1    3.18%    passed     99.77%
 423  PV160615.1    3.18%    passed     99.37%
 424  PV071589.1    3.18%    passed     99.15%
 425  PQ828453.1    3.18%    passed     99.61%
 426  PQ833605.1    3.18%    passed     99.66%
 427  PQ827677.1    3.18%    passed     99.48%
 428  PQ797393.1    3.18%    passed     99.85%
 429  PQ832069.1    3.18%    passed     99.46%
 430  PQ378367.1    3.18%    passed     99.61%
 431  PQ832789.1    3.18%    passed     99.43%
 432  PQ705737.1    3.18%    passed     99.68%
 433  PQ710217.1    3.18%    passed     99.09%
 434  PQ713177.1    3.18%    passed     98.18%
 435  PP761616.1    1.42%    passed     99.90%
 436  PP576926.1    1.42%    passed     99.94%
 437  PP836447.1    0.51%    passed     99.99%
 438  PP836503.1    0.51%    passed     99.99%
 439  PQ713545.1    3.18%    passed     97.13%
 440  PP796346.1    0.45%    passed     99.98%
 441  PP757903.1    0.45%    passed     99.98%
 442  PP758145.1    0.45%    passed     99.98%
 443  PP785567.1    0.45%    passed     99.98%
 444  PP757826.1    0.45%    passed     99.98%
 445  OR268598.1    0.51%    passed     99.98%
 446  OR269268.1    0.51%    passed     99.98%
 447  OR125255.1    0.45%    passed     99.98%
 448  OR125292.1    0.45%    passed     99.98%
 449  OR125322.1    0.45%    passed     99.98%
 450  OR125407.1    0.45%    passed     99.98%
 451  OR125482.1    0.45%    passed     99.98%
 452  OQ455396.1    0.45%    passed     99.98%
 453  OQ455401.1    0.51%    passed     99.98%
 454  OQ455410.1    0.45%    passed     99.98%
 455  OQ455416.1    0.45%    passed     99.98%
 456  OQ455422.1    0.45%    passed     99.98%
 457  OR265542.1    0.51%    passed    100.00%
 458  OR265608.1    0.51%    passed    100.00%
 459  OQ455466.1    0.68%    passed     99.97%
 460  OR265569.1    0.57%    passed     99.96%
 461  PP785712.1    0.45%    passed     99.95%
 462  PP757839.1    0.45%    passed     99.95%
 463  OR125155.1    0.45%    passed     99.95%
 464  OR125180.1    0.45%    passed     99.99%
 465  OR125250.1    0.45%    passed     99.98%
 466  OR125269.1    0.45%    passed     99.95%
 467  OR125340.1    0.45%    passed     99.98%
 468  OQ455458.1    0.45%    passed     99.95%
 469  OQ455437.1    0.51%    passed    100.00%
 470  PP785586.1    0.51%    passed     99.96%
 471  PP757806.1    0.51%    passed     99.96%
 472  PP785700.1    0.45%    passed     99.98%
 473  PP757858.1    0.45%    passed     99.98%
 474  OR265639.1    0.51%    passed     99.95%
 475  OR125238.1    0.45%    passed     99.98%
 476  OQ455442.1    0.62%    passed    100.00%
 477  OR125188.1    0.45%    passed     99.92%
 478  OR125233.1    0.45%    passed     99.92%
 479  OR125262.1    0.45%    passed     99.87%
 480  OR125370.1    0.45%    passed     99.76%
 481  OR125279.1    0.45%    passed     99.95%
 482  OR125471.1    0.45%    passed     99.95%
 483  OR125390.1    0.45%    passed     99.87%
 484  OQ458189.1    0.57%    passed     99.89%
 485  OR125135.1    0.45%    passed     99.96%
 486  OR125162.1    0.45%    passed     99.96%
 487  OR125201.1    0.45%    passed     99.96%
 488  OR125399.1    0.45%    passed     99.96%
 489  OR125452.1    0.45%    passed     99.96%
 490  OR125285.1    0.45%    passed     99.99%
 491  OR125312.1    0.45%    passed     99.96%
 492  PP778673.1    0.51%    passed    100.00%
 493  PP757817.1    0.51%    passed    100.00%
 494  OR265539.1    0.51%    passed     99.99%
 495  OR265573.1    0.51%    passed     99.97%
 496  OR125296.1    0.45%    passed     99.98%
 497  PP799744.1    0.45%    passed     99.99%
 498  PP758168.1    0.45%    passed     99.99%
 499  PP785716.1    0.45%    passed     99.99%
 500  PP757830.1    0.45%    passed     99.99%
 501  PP777983.1    0.51%    passed     99.89%
 502  PP757866.1    0.51%    passed     99.89%
 503  PP799771.1    0.45%    passed     99.96%
 504  PP757909.1    0.45%    passed     99.96%
 505  OR269134.1    0.45%    passed     99.87%
 506  OR125328.1    0.45%    passed     99.87%
 507  OR125244.1    0.45%    passed     99.95%
 508  OR125319.1    0.45%    passed     99.95%
 509  OR125361.1    0.45%    passed     99.94%
 510  OR125141.1    0.45%    passed     99.95%
 511  OR125384.1    0.45%    passed     99.95%
 512  OR125415.1    0.45%    passed     99.95%
 513  OR125433.1    0.45%    passed     99.95%
 514  OR125175.1    0.45%    passed     99.99%
 515  OR125209.1    0.45%    passed     99.99%
 516  OR125440.1    0.45%    passed     99.96%
 517  OR125463.1    0.45%    passed     99.96%
 518  OR268564.1    0.51%    passed    100.00%
 519  OR269259.1    0.51%    passed    100.00%
 520  OR265587.1    0.51%    passed     99.80%
 521  OR125334.1    0.45%    passed     99.85%
 522  OR125420.1    0.45%    passed     99.85%
 523  OR125495.1    0.45%    passed     99.85%
 524  OR125301.1    0.45%    passed     99.76%
 525  OR125489.1    0.45%    passed     99.87%
 526  OR125499.1    0.45%    passed     99.87%
 527  OR125458.1    0.45%    passed     99.83%
 528  OR125351.1    0.45%    passed     99.83%
 529  OR125446.1    0.45%    passed     99.84%
 530  OR125214.1    0.45%    passed     99.84%
 531  OR125219.1    0.45%    passed     99.84%
 532  PP799761.1    0.45%    passed     99.96%
 533  PP757851.1    0.45%    passed     99.96%
 534  OR265549.1    0.51%    passed     99.93%
 535  OR268570.1    0.57%    passed     99.77%
 536  OR269264.1    0.57%    passed     99.77%
 537  OQ683458.1    0.45%    passed     99.80%
 538  OP691324.1    0.45%    passed     99.86%
 539  OQ547312.1    0.51%    passed     99.97%
 540  OQ547375.1    0.51%    passed     99.97%
 541  OQ547335.1    0.51%    passed    100.00%
 542  OQ547439.1    0.51%    passed    100.00%
 543  cov4486       0.51%    passed    100.00%
 544  covXXXX       0.97%    passed     99.78%
 545  cov4418       0.57%    passed    100.00%
 546  cov4425       0.62%    passed     99.99%
 547  cov4411       0.57%    passed    100.00%
 548  cov4422       0.74%    passed     99.96%
 549  cov4410       0.74%    passed     99.96%
 550  cov4485       1.65%    passed     99.96%
 551  cov4424       0.68%    passed     99.97%
 552  cov4401       0.57%    passed     99.96%
 553  cov4415       0.62%    passed     99.95%
 554  cov4402       0.68%    passed    100.00%
 555  cov4484       1.02%    passed     99.78%
 556  cov4409       0.74%    passed     99.94%
 557  cov4487       0.68%    passed     99.99%
 558  cov4483       3.18%    passed     99.93%
 559  cov4474       0.51%    passed    100.00%
 560  OQ547407.1    0.51%    passed     99.96%
 561  OQ547415.1    0.51%    passed     99.96%
 562  OQ547327.1    0.51%    passed    100.00%
 563  OQ547351.1    0.51%    passed    100.00%
 564  OQ547423.1    0.51%    passed    100.00%
 565  OQ547447.1    0.51%    passed    100.00%
 566  cov4441       2.27%    passed     99.26%
 567  OQ547343.1    0.51%    passed     99.98%
 568  cov4388       0.57%    passed     99.94%
 569  OQ547359.1    0.51%    passed     99.97%
 570  OQ547367.1    0.51%    passed     99.97%
 571  cov4475       0.51%    passed     99.91%
 572  cov4495       0.57%    passed     99.98%
 573  cov4433       0.74%    passed     99.94%
 574  cov4449       0.62%    passed     99.97%
 575  cov4386       0.74%    passed     99.99%
 576  cov4420       0.74%    passed     99.94%
 577  cov4406       0.80%    passed    100.00%
 578  cov4493       0.51%    passed     99.95%
 579  cov4393       0.51%    passed     99.97%
 580  cov4416       0.51%    passed     99.69%
 581  cov4496       0.57%    passed     99.84%
 582  OQ547431.1    0.51%    passed     99.99%
 583  cov4419       0.80%    passed     99.59%
 584  cov4373       0.74%    passed     99.94%
 585  OQ547319.1    0.51%    passed     99.94%
 586  OQ547383.1    0.51%    passed     99.94%
 587  cov4380       1.31%    passed    100.00%
 588  cov4404       2.61%    passed     99.97%
 589  cov4464       1.93%    passed     99.85%
 590  cov4389       2.10%    passed     99.90%
 591  cov4478       8.75%    passed     97.20%
 592  cov4417       0.57%    passed     99.97%
 593  cov4479       3.86%    passed     99.22%
 594  cov4445       1.02%    passed     99.78%
 595  cov4414       1.14%    passed     99.70%
 596  cov4482       1.65%    passed     99.97%
 597  cov4488       1.14%    passed     99.89%
 598  cov4491      21.53%    passed     72.59%
 599  cov4494       1.02%    passed     99.25%
 600  cov4490       0.68%    passed     99.99%
 601  cov4399       1.59%    passed     99.97%
 602  OQ547391.1    0.51%    passed     99.97%
 603  OQ547399.1    0.51%    passed     99.97%
 604  cov4492       0.68%    passed     99.93%
 605  OQ925717.1    1.76%    passed    100.00%
 606  OR125307.1    0.17%    passed     99.99%
 607  OQ352556.1    0.17%    passed     99.97%
 608  OQ565628.1    1.25%    passed     99.77%
 609  cov4437       2.84%    passed     99.83%
 610  OQ832505.2    3.75%    passed     99.85%
 611  cov4448       1.59%    passed     99.91%
 612  cov4438      10.85%    passed     93.15%
 613  PQ338025.1    0.17%    passed     99.97%
 614  PQ304239.1    0.17%    passed     99.97%
 615  PQ305000.1    0.17%    passed     99.97%
 616  PQ305024.1    0.17%    passed     99.97%
 617  PQ305058.1    0.23%    passed     99.97%
 618  OR910192.1    0.17%    passed     99.97%
 619  OR910289.1    0.17%    passed     99.97%
 620  OR910295.1    0.17%    passed     99.97%
 621  OR910389.1    0.17%    passed     99.97%
 622  OR910353.1    0.17%    passed     99.94%
 623  OR910409.1    0.17%    passed     99.97%
 624  OR910460.1    0.17%    passed     99.97%
 625  PQ300721.1    0.17%    passed     99.97%
 626  OR960975.1    0.17%    passed     99.97%
 627  OR910331.1    0.17%    passed     99.91%
 628  OQ550442.1    0.17%    passed     99.91%
 629  OQ550450.1    0.17%    passed     99.91%
 630  OQ550458.1    0.17%    passed     99.91%
 631  OQ550466.1    0.17%    passed     99.91%
 632  OR960992.1    0.17%    passed     99.95%
 633  OR910282.1    0.17%    passed     99.95%
 634  OR910435.1    0.17%    passed     99.95%
 635  OR910346.1    0.17%    passed     99.91%
 636  OR910453.1    0.17%    passed     99.99%
 637  OR910502.1    0.17%    passed     99.94%
 638  OR910487.1    0.17%    passed     99.97%
 639  OR979599.1    0.28%    passed    100.00%
 640  OQ550474.1    0.17%    passed     99.96%
 641  OR910378.1    0.17%    passed     99.91%
 642  PQ304209.1    0.17%    passed     99.77%
 643  PQ304256.1    0.17%    passed     99.77%
 644  PP829699.1    0.17%    passed     99.91%
 645  OR910178.1    0.17%    passed     99.91%
 646  OR910231.1    0.17%    passed     99.91%
 647  OR910238.1    0.17%    passed     99.91%
 648  OR910254.1    0.17%    passed     99.91%
 649  OR910325.1    0.17%    passed     99.91%
 650  OR910396.1    0.17%    passed     99.91%
 651  OR910521.1    0.17%    passed     99.91%
 652  OR591549.1    0.17%    passed     99.91%
 653  OR125345.1    0.17%    passed     99.91%
 654  OR125426.1    0.17%    passed     99.91%
 655  OQ352548.1    0.17%    passed     99.95%
 656  PP785596.1    0.28%    passed     99.78%
 657  PP757802.1    0.28%    passed     99.78%
 658  PQ305002.1    0.17%    passed     99.60%
 659  PQ300685.1    0.17%    passed     99.77%
 660  PQ300706.1    0.17%    passed     99.77%
 661  OR979626.1    0.23%    passed     99.86%
 662  OR910205.1    0.17%    passed     99.77%
 663  PQ300698.1    0.17%    passed     99.60%
 664  OR910468.1    0.17%    passed     99.77%
 665  OR960980.1    0.17%    passed     99.91%
 666  OR960985.1    0.17%    passed     99.91%
 667  PQ305010.1    0.23%    passed     99.99%
 668  PQ300675.1    0.17%    passed     99.98%
 669  OR961011.1    0.17%    passed     99.98%
 670  OR910164.1    0.17%    passed     99.98%
 671  OR910366.1    0.17%    passed     99.98%
 672  PP799803.1    0.17%    passed     99.97%
 673  OR910243.1    0.17%    passed     99.86%
 674  OR910371.1    0.17%    passed     99.99%
 675  OR910261.1    0.17%    passed    100.00%
 676  OR910301.1    0.17%    passed    100.00%
 677  OR960998.1    0.17%    passed     99.95%
 678  OR910159.1    0.17%    passed     99.96%
 679  OR910495.1    0.17%    passed     99.98%
 680  OR910447.1    0.17%    passed    100.00%
 681  PQ300707.1    0.17%    passed     99.83%
 682  OR961095.1    0.17%    passed     99.83%
 683  OR910153.1    0.17%    passed     99.83%
 684  OR910268.1    0.17%    passed     99.83%
 685  OR910528.1    0.17%    passed     99.83%
 686  OR125503.1    0.17%    passed     99.83%
 687  OR910419.1    0.17%    passed     99.94%
 688  PP799753.1    0.17%    passed     99.92%
 689  PP785576.1    0.17%    passed     99.92%
 690  PP378130.1    0.17%    passed     99.92%
 691  OR910474.1    0.17%    passed     99.98%
 692  OR961005.1    0.17%    passed     99.96%
 693  OR910481.1    0.17%    passed     99.70%
 694  OR125356.1    0.17%    passed     99.90%
 695  OR910186.1    0.17%    passed     99.96%
 696  OR910318.1    0.17%    passed     99.88%
 697  OR910248.1    0.17%    passed     99.88%
 698  OR910415.1    0.17%    passed     99.79%
 699  PP786400.1    0.17%    passed     99.91%
 700  PQ300731.1    0.17%    passed     99.91%
 701  OR961083.1    0.17%    passed     99.91%
 702  OR961108.1    0.17%    passed     99.91%
 703  PQ113941.1    0.17%    passed     99.97%
 704  OR910509.1    0.17%    passed     99.98%
 705  OR910145.1    0.17%    passed     99.98%
 706  OR910223.1    0.17%    passed     99.71%
 707  OR910404.1    0.17%    passed     99.89%
 708  OR961102.1    0.17%    passed     99.64%
 709  OR910199.1    0.17%    passed     99.99%
 710  OR910515.1    0.17%    passed     99.93%
 711  PP829625.1    0.17%    passed     99.96%
 712  PP829708.1    0.17%    passed     99.96%
 713  OQ550434.1   18.64%    passed     89.41%
 714  OR910361.1    0.17%    passed    100.00%
 715  OR910442.1    0.17%    passed    100.00%
 716  OR910217.1    0.17%    passed     99.96%
 717  PQ113933.1    0.17%    passed     99.77%
 718  PQ304221.1    0.23%    passed     99.96%
 719  PQ304273.1    0.17%    passed     99.99%
 720  OR910308.1    0.17%    passed     99.83%
 721  OR910425.1    0.17%    passed     99.90%
 722  OR910384.1    0.17%    passed     99.56%
 723  OR979619.1    0.40%    passed     99.94%
 724  OQ550426.1    0.17%    passed     99.95%
 725  OR910275.1    0.17%    passed     99.99%
 726  OR910430.1    0.17%    passed     99.59%
 727  OR853751.1    0.17%    passed     99.73%
 728  PP779060.1    0.17%    passed     99.92%
 729  PP782205.1    0.17%    passed     99.92%
 730  PP779933.1    0.17%    passed     99.83%
 731  PP782339.1    0.17%    passed     99.92%
 732  OR860361.1    0.17%    passed     99.85%
 733  PP390166.1    0.17%    passed     99.72%
 734  OR420092.1    0.17%    passed     99.71%
 735  PP785021.1    0.28%    passed     99.70%
 736  PP768660.1    0.17%    passed     99.85%
 737  PP776752.1    0.17%    passed     99.61%
 738  OR910172.1    0.17%    passed     99.99%
 739  OR910477.1    0.17%    passed     99.88%
 740  PQ304425.1    0.17%    passed     99.34%
 741  PQ304435.1    0.17%    passed     99.34%
 742  PQ304488.1    0.17%    passed     99.66%
 743  PQ304584.1    0.17%    passed     99.66%
 744  PQ304440.1    0.23%    passed     99.72%
 745  PQ304566.1    0.17%    passed     99.73%
 746  PQ129514.1    0.17%    passed     99.97%
 747  PQ114025.1    0.17%    passed     99.97%
 748  PQ113961.1    0.17%    passed     99.94%
 749  PQ129506.1    0.17%    passed    100.00%
 750  PQ129522.1    0.17%    passed    100.00%
 751  PQ114065.1    0.17%    passed     99.94%
 752  PQ114049.1    0.17%    passed     99.92%
 753  PQ114033.1    0.17%    passed     99.96%
 754  PQ114073.1    0.17%    passed     99.77%
 755  PQ113969.1    0.17%    passed     99.96%
 756  PQ114089.1    0.17%    passed     99.99%
 757  PQ113985.1    0.17%    passed     99.97%
 758  OR889491.1    0.17%    passed     99.85%
 759  OR269887.1    0.17%    passed     99.85%
 760  PP777458.1    0.17%    passed     97.04%
 761  PP778505.1    0.17%    passed     99.95%
 762  PP780174.1    0.17%    passed     99.95%
 763  PP769614.1    0.17%    passed     99.66%
 764  PP769739.1    0.17%    passed     99.66%
 765  OR839997.1    0.45%    passed     99.95%
 766  OR852415.1    0.17%    passed     99.94%
 767  OR853704.1    0.45%    passed     99.39%
 768  PP780446.1    1.02%    passed     99.06%
 769  OR381652.1    3.18%    passed     99.34%
 770  OR878088.1    0.17%    passed     99.85%
 771  OQ925704.1   34.32%    passed     87.18%
 772  OR801077.1    0.45%    passed     99.65%
 773  OR801085.1    0.45%    passed     99.98%
 774  OR801093.1    0.45%    passed     99.92%
 775  PP802782.1    0.23%    passed     99.22%
 776  OQ683482.1    0.23%    passed     97.78%
 777  OP950297.1    0.17%    passed     98.13%
 778  OP950305.1    0.17%    passed     99.07%
 779  PP692235.1    0.17%    passed     99.77%
 780  PQ118169.1    3.18%    passed     98.40%
 781  PP386940.1    2.67%    passed     99.23%
 782  cov4385      10.34%    passed     90.40%
 783  OQ683490.1    0.80%    passed     94.11%
 784  PV163164.1    1.36%    passed     99.58%
 785  OR844540.1    1.36%    passed     98.15%
 786  PV124886.1    0.68%    passed     99.56%
 787  PV124894.1    0.68%    passed     99.56%
 788  OR881253.1    0.17%    passed     97.56%
 789  OR987116.1   18.58%    passed     91.98%
 790  OQ925711.1   73.52%    passed     18.47%
 791  PP150341.1    0.51%    passed     97.13%
 792  PV125347.1    6.88%    passed     92.42%
 793  OR646646.1    0.17%    passed     99.60%
 794  OR646660.1    0.17%    passed     99.60%
 795  PP581784.1    7.27%    passed     92.22%
 796  OM755583.1    4.38%    passed     98.33%
 797  OM755584.1    4.38%    passed     98.71%
 798  PP581783.1    7.27%    passed     72.95%
 799  OQ747763.1    0.17%    passed     99.82%
 800  ON739168.1    0.17%    passed     96.49%
 801  cov4471      79.66%    passed     29.16%
 802  PP998353.1    3.07%    passed     99.04%
 803  PP998369.1    3.07%    passed     99.25%
 804  PP998377.1    3.07%    passed     99.24%
 805  PP998361.1    3.07%    passed     98.57%
 806  PP998385.1    3.07%    passed     97.82%
 807  PP998393.1    3.07%    passed     97.82%
 808  PP998401.1    3.07%    passed     96.59%
 809  PP998409.1    3.07%    passed     97.38%
 810  OR048361.1    3.18%    passed     99.98%
 811  OR048729.1    3.18%    passed     99.91%
 812  LC626157.1    0.17%    passed     99.85%
 813  MZ235326.1    1.59%    passed     99.26%
 814  MZ235318.1    4.43%    passed     99.54%
 815  MZ235342.1    1.99%    passed     99.11%
 816  cov3903      87.22%    passed      7.68%
 817  OR632220.1    3.35%    passed     92.80%
 818  OR539435.1    3.35%    passed     92.80%
 819  OR539403.1    3.30%    passed     92.46%
 820  OR539395.1    0.34%    passed     88.06%
 821  OR539411.1    0.34%    passed     88.06%
 822  OQ291577.1    0.34%    passed     72.29%
 823  OR435469.1    3.35%    passed     99.92%
 824  OR435476.1    3.35%    passed     99.92%
 825  OR435522.1    3.35%    passed     99.92%
 826  OR435553.1    3.35%    passed     99.92%
 827  OR435623.1    3.35%    passed     99.92%
 828  OR435638.1    3.35%    passed     99.92%
 829  OR435560.1    3.35%    passed     99.86%
 830  OM755626.1    5.80%    passed     96.89%
 831  OM755625.1    5.80%    passed     99.28%
 832  OM755627.1    5.80%    passed     99.28%
 833  OM755628.1    5.80%    passed     99.30%
 834  OM755629.1    5.80%    passed     98.99%
 835  cov3904      89.38%    passed     14.97%
 836  PQ500558.1   91.36%    passed     78.05%
 837  PQ500559.1   91.36%    passed     78.05%
 838  PQ500560.1   91.36%    passed     78.05%
 839  PQ500561.1   91.36%    passed     81.78%
 840  PV078494.1    0.97%    passed     90.01%
 841  ON564780.1    1.59%    passed     93.74%
 842  ON533328.1    1.59%    passed     96.76%
 843  ON513995.1    1.19%    passed     96.56%
 844  OL461748.1    3.69%    passed     97.25%
 845  OL461772.1    3.69%    passed     97.25%
 846  ON366874.1    1.08%    passed     99.59%
 847  OL583745.1    3.69%    passed     99.01%
 848  OL583761.1    3.69%    passed     99.34%
 849  OL422862.1    3.69%    passed     98.55%
 850  OL583753.1    3.69%    passed     98.85%
 851  OL583769.1    3.69%    passed     99.01%
 852  OL514158.1    3.69%    passed     99.38%
 853  OL539336.1    3.69%    passed     99.31%
 854  OL539344.1    3.69%    passed     99.51%
 855  OL422847.1    3.69%    passed     99.06%
 856  OP888702.1    0.68%    passed     91.03%
 857  MK167355.1    3.69%    passed     94.54%
 858  MH347216.1    0.68%    passed     93.41%
 859  CY207181.1    1.08%    passed     75.71%
 860  KC703342.1    3.69%    passed     89.19%
 861  CY207189.1    1.02%    passed     77.84%
 862  KC703334.1    3.69%    passed     85.78%
 863  KF772948.1    1.76%    passed     74.73%
 864  PP502509.1    3.69%    passed     85.33%
 865  KX254928.1   63.18%    passed     34.79%
 866  KX101134.1   68.30%    passed     34.45%
 867  KX101141.1   64.89%    passed     44.10%
 868  MK163970.1    3.69%    passed     90.57%
 869  MK163984.1    3.69%    passed     92.45%
 870  MK164009.1   14.20%    passed     91.87%
 871  KX185908.1    3.69%    passed     99.92%
 872  MK071388.1    3.69%    passed     95.38%
 873  KX101207.1   64.20%    passed     66.12%
 874  PP829694.1    5.40%    passed     82.96%
 875  PP829711.1    0.68%    passed     79.57%
 876  PP829775.1    0.68%    passed     82.49%
 877  PP829958.1    0.68%    passed     67.54%
 878  PP829968.1    0.68%    passed     67.54%
 879  PQ191262.1    3.35%    passed     38.03%
 880  PQ207951.1    1.93%    passed     51.41%
 881  PQ207953.1    1.93%    passed     51.04%
 882  PQ208030.1    0.68%    passed     43.68%
 883  PQ208142.1    0.68%    passed     43.19%
 884  PQ208174.1    1.93%    passed     39.71%
 885  PQ208110.1    0.68%    passed     32.25%
 886  PQ318343.1    1.65%    passed     29.80%
 887  PQ318351.1    1.65%    passed     29.82%
 888  PQ318335.1    3.35%    passed     61.42%
 889  PP929866.1    1.76%    passed     46.89%
 890  PP929874.1    1.76%    passed     38.45%
 891  PP929882.1    1.76%    passed     46.83%
 892  PP929890.1    1.93%    passed     43.82%
 893  PP886235.1    2.50%    passed     44.92%
 894  PQ208062.1    0.68%    passed     43.82%
 895  PQ191270.1    2.67%    passed     38.01%
 896  PQ318359.1    2.33%    passed     18.88%
 897  PQ191278.1    2.44%    passed     46.50%
 898  PQ207952.1    0.68%    passed     36.45%
WARNING: 12 sequences contain more than 50% gaps/ambiguity
****  TOTAL         3.00%  0 sequences failed composition chi2 test (p-value<5%; df=3)
NOTE: PP922967.1 is identical to PP922959.1 but kept for subsequent analysis
NOTE: PP947548.1 is identical to PP947540.1 but kept for subsequent analysis
NOTE: PQ334661.1 is identical to PQ356350.1 but kept for subsequent analysis
NOTE: OR539363.1 is identical to OR539355.1 but kept for subsequent analysis
NOTE: OR539427.1 is identical to OR539419.1 but kept for subsequent analysis
NOTE: PP348305.1 is identical to PP989362.1 but kept for subsequent analysis
NOTE: PP348118.1 is identical to PP348169.1 but kept for subsequent analysis
NOTE: PP732691.1 is identical to PP732683.1 but kept for subsequent analysis
NOTE: OR388762.1 is identical to OR388761.1 but kept for subsequent analysis
NOTE: PQ334754.1 is identical to PQ356364.1 but kept for subsequent analysis
NOTE: PQ334698.1 is identical to PQ334693.1 but kept for subsequent analysis
NOTE: PP680480.1 is identical to PP680436.1 but kept for subsequent analysis
NOTE: PV159855.1 is identical to PV218505.1 but kept for subsequent analysis
NOTE: PV161943.1 is identical to PV161919.1 but kept for subsequent analysis
NOTE: PP031949.1 is identical to PP031948.1 but kept for subsequent analysis
NOTE: OQ632821.1 is identical to OQ632819.1 but kept for subsequent analysis
NOTE: OK022519.1 is identical to OK022479.1 but kept for subsequent analysis
NOTE: ON862704.1 is identical to ON862696.1 but kept for subsequent analysis
NOTE: ON974893.1 is identical to ON974889.1 but kept for subsequent analysis
NOTE: OM943974.1 is identical to OM943969.1 but kept for subsequent analysis
NOTE: OP590517.1 is identical to PQ724322.1 but kept for subsequent analysis
NOTE: OR783406.1 is identical to OR783329.1 but kept for subsequent analysis
NOTE: OL477524.1 is identical to OL477469.1 but kept for subsequent analysis
NOTE: OL366043.1 is identical to OL353696.1 but kept for subsequent analysis
NOTE: PP763699.1 is identical to PP763488.1 but kept for subsequent analysis
NOTE: ON716430.1 is identical to ON716429.1 but kept for subsequent analysis
NOTE: PV210090.1 is identical to PV209775.1 but kept for subsequent analysis
NOTE: PV124994.1 is identical to PV124974.1 but kept for subsequent analysis
NOTE: OQ789275.1 is identical to OQ958044.1 but kept for subsequent analysis
NOTE: PP426575.1 is identical to PP426567.1 but kept for subsequent analysis
NOTE: OR381627.1 is identical to PP426583.1 but kept for subsequent analysis
NOTE: OR381644.1 is identical to OR381636.1 but kept for subsequent analysis
NOTE: OR381604.1 is identical to OR381596.1 but kept for subsequent analysis
NOTE: OR912283.1 is identical to OR912282.1 but kept for subsequent analysis
NOTE: OR912285.1 is identical to OR912284.1 but kept for subsequent analysis
NOTE: OQ747760.1 is identical to OR591550.1 but kept for subsequent analysis
NOTE: OQ747762.1 is identical to OQ747759.1 but kept for subsequent analysis
NOTE: PQ002122.1 is identical to PQ002114.1 but kept for subsequent analysis
NOTE: OR987108.1 is identical to OR987100.1 but kept for subsequent analysis
NOTE: PP757903.1 is identical to PP796346.1 but kept for subsequent analysis
NOTE: PP757826.1 is identical to PP785567.1 but kept for subsequent analysis
NOTE: OR269268.1 is identical to OR268598.1 but kept for subsequent analysis
NOTE: OR265608.1 is identical to OR265542.1 but kept for subsequent analysis
NOTE: PP757839.1 is identical to PP785712.1 but kept for subsequent analysis
NOTE: PP757806.1 is identical to PP785586.1 but kept for subsequent analysis
NOTE: PP757858.1 is identical to PP785700.1 but kept for subsequent analysis
NOTE: OR125233.1 is identical to OR125188.1 but kept for subsequent analysis
NOTE: OR125471.1 is identical to OR125279.1 but kept for subsequent analysis
NOTE: OR125201.1 is identical to OR125162.1 but kept for subsequent analysis
NOTE: PP757817.1 is identical to PP778673.1 but kept for subsequent analysis
NOTE: PP758168.1 is identical to PP799744.1 but kept for subsequent analysis
NOTE: PP757830.1 is identical to PP785716.1 but kept for subsequent analysis
NOTE: PP757866.1 is identical to PP777983.1 but kept for subsequent analysis
NOTE: PP757909.1 is identical to PP799771.1 but kept for subsequent analysis
NOTE: OR125328.1 is identical to OR269134.1 but kept for subsequent analysis
NOTE: OR125319.1 is identical to OR125244.1 but kept for subsequent analysis
NOTE: OR125384.1 is identical to OR125141.1 but kept for subsequent analysis
NOTE: OR269259.1 is identical to OR268564.1 but kept for subsequent analysis
NOTE: OR125420.1 is identical to OR125334.1 but kept for subsequent analysis
NOTE: OR125499.1 is identical to OR125489.1 but kept for subsequent analysis
NOTE: OR125219.1 is identical to OR125214.1 but kept for subsequent analysis
NOTE: PP757851.1 is identical to PP799761.1 but kept for subsequent analysis
NOTE: OR269264.1 is identical to OR268570.1 but kept for subsequent analysis
NOTE: OQ547375.1 is identical to OQ547312.1 but kept for subsequent analysis
NOTE: OQ547439.1 is identical to OQ547335.1 but kept for subsequent analysis
NOTE: OQ547415.1 is identical to OQ547407.1 but kept for subsequent analysis
NOTE: OQ547351.1 is identical to OQ547327.1 but kept for subsequent analysis
NOTE: OQ547367.1 is identical to OQ547359.1 but kept for subsequent analysis
NOTE: OQ547399.1 is identical to OQ547391.1 but kept for subsequent analysis
NOTE: PQ304239.1 is identical to PQ338025.1 but kept for subsequent analysis
NOTE: OR910460.1 is identical to OR910409.1 but kept for subsequent analysis
NOTE: OR960975.1 is identical to PQ300721.1 but kept for subsequent analysis
NOTE: OQ550442.1 is identical to OR910331.1 but kept for subsequent analysis
NOTE: OR910435.1 is identical to OR910282.1 but kept for subsequent analysis
NOTE: OR910178.1 is identical to PP829699.1 but kept for subsequent analysis
NOTE: PP757802.1 is identical to PP785596.1 but kept for subsequent analysis
NOTE: PQ300706.1 is identical to PQ300685.1 but kept for subsequent analysis
NOTE: OR960985.1 is identical to OR960980.1 but kept for subsequent analysis
NOTE: OR961011.1 is identical to PQ300675.1 but kept for subsequent analysis
NOTE: OR961095.1 is identical to PQ300707.1 but kept for subsequent analysis
NOTE: PP785576.1 is identical to PP799753.1 but kept for subsequent analysis
NOTE: OR961083.1 is identical to PQ300731.1 but kept for subsequent analysis
NOTE: PP829708.1 is identical to PP829625.1 but kept for subsequent analysis
NOTE: OR910442.1 is identical to OR910361.1 but kept for subsequent analysis
NOTE: PP782205.1 is identical to PP779060.1 but kept for subsequent analysis
NOTE: PQ304435.1 is identical to PQ304425.1 but kept for subsequent analysis
NOTE: PQ304584.1 is identical to PQ304488.1 but kept for subsequent analysis
NOTE: PQ114025.1 is identical to PQ129514.1 but kept for subsequent analysis
NOTE: OR269887.1 is identical to OR889491.1 but kept for subsequent analysis
NOTE: PP780174.1 is identical to PP778505.1 but kept for subsequent analysis
NOTE: PP769739.1 is identical to PP769614.1 but kept for subsequent analysis
NOTE: PV124894.1 is identical to PV124886.1 but kept for subsequent analysis
NOTE: OR646660.1 is identical to OR646646.1 but kept for subsequent analysis
NOTE: PP998393.1 is identical to PP998385.1 but kept for subsequent analysis
NOTE: OR539435.1 is identical to OR632220.1 but kept for subsequent analysis
NOTE: OR539411.1 is identical to OR539395.1 but kept for subsequent analysis
NOTE: OR435476.1 is identical to OR435469.1 but kept for subsequent analysis
NOTE: PQ500559.1 is identical to PQ500558.1 but kept for subsequent analysis
NOTE: OL461772.1 is identical to OL461748.1 but kept for subsequent analysis
NOTE: PP829968.1 is identical to PP829958.1 but kept for subsequent analysis
NOTE: 77 identical sequences (see below) will be ignored for subsequent analysis
NOTE: PQ334666.1 (identical to PQ356350.1) is ignored but added at the end
NOTE: PQ334803.1 (identical to PQ356350.1) is ignored but added at the end
NOTE: PQ334722.1 (identical to PQ334693.1) is ignored but added at the end
NOTE: PQ334791.1 (identical to PQ334693.1) is ignored but added at the end
NOTE: ON974895.1 (identical to ON974889.1) is ignored but added at the end
NOTE: OM943982.1 (identical to OM943969.1) is ignored but added at the end
NOTE: OR783336.1 (identical to OR783329.1) is ignored but added at the end
NOTE: OR783452.1 (identical to OR783329.1) is ignored but added at the end
NOTE: OR381660.1 (identical to PP426583.1) is ignored but added at the end
NOTE: OR381668.1 (identical to PP426583.1) is ignored but added at the end
NOTE: OR381612.1 (identical to OR381596.1) is ignored but added at the end
NOTE: OR381620.1 (identical to OR381596.1) is ignored but added at the end
NOTE: OR912287.1 (identical to OR912282.1) is ignored but added at the end
NOTE: OR912288.1 (identical to OR912282.1) is ignored but added at the end
NOTE: OR912289.1 (identical to OR912282.1) is ignored but added at the end
NOTE: OR912291.1 (identical to OR912284.1) is ignored but added at the end
NOTE: OR912293.1 (identical to OR912284.1) is ignored but added at the end
NOTE: OR912354.1 (identical to OR912284.1) is ignored but added at the end
NOTE: OR912362.1 (identical to OR912284.1) is ignored but added at the end
NOTE: PQ002130.1 (identical to PQ002114.1) is ignored but added at the end
NOTE: PQ002138.1 (identical to PQ002114.1) is ignored but added at the end
NOTE: PQ002146.1 (identical to PQ002114.1) is ignored but added at the end
NOTE: PQ002154.1 (identical to PQ002114.1) is ignored but added at the end
NOTE: OR987124.1 (identical to OR987100.1) is ignored but added at the end
NOTE: PP758145.1 (identical to PP796346.1) is ignored but added at the end
NOTE: OR125255.1 (identical to PP785567.1) is ignored but added at the end
NOTE: OR125292.1 (identical to PP785567.1) is ignored but added at the end
NOTE: OR125322.1 (identical to PP785567.1) is ignored but added at the end
NOTE: OR125407.1 (identical to PP785567.1) is ignored but added at the end
NOTE: OR125482.1 (identical to PP785567.1) is ignored but added at the end
NOTE: OQ455396.1 (identical to PP785567.1) is ignored but added at the end
NOTE: OQ455410.1 (identical to PP785567.1) is ignored but added at the end
NOTE: OQ455416.1 (identical to PP785567.1) is ignored but added at the end
NOTE: OQ455422.1 (identical to PP785567.1) is ignored but added at the end
NOTE: OQ455401.1 (identical to OR268598.1) is ignored but added at the end
NOTE: OR125238.1 (identical to PP785700.1) is ignored but added at the end
NOTE: OR125399.1 (identical to OR125162.1) is ignored but added at the end
NOTE: OR125452.1 (identical to OR125162.1) is ignored but added at the end
NOTE: OR125415.1 (identical to OR125141.1) is ignored but added at the end
NOTE: OR125433.1 (identical to OR125141.1) is ignored but added at the end
NOTE: OR125495.1 (identical to OR125334.1) is ignored but added at the end
NOTE: cov4486 (identical to OQ547335.1) is ignored but added at the end
NOTE: OQ547423.1 (identical to OQ547327.1) is ignored but added at the end
NOTE: OQ547447.1 (identical to OQ547327.1) is ignored but added at the end
NOTE: PQ305000.1 (identical to PQ338025.1) is ignored but added at the end
NOTE: PQ305024.1 (identical to PQ338025.1) is ignored but added at the end
NOTE: OR910192.1 (identical to PQ338025.1) is ignored but added at the end
NOTE: OR910289.1 (identical to PQ338025.1) is ignored but added at the end
NOTE: OR910295.1 (identical to PQ338025.1) is ignored but added at the end
NOTE: OR910389.1 (identical to PQ338025.1) is ignored but added at the end
NOTE: OQ550450.1 (identical to OR910331.1) is ignored but added at the end
NOTE: OQ550458.1 (identical to OR910331.1) is ignored but added at the end
NOTE: OQ550466.1 (identical to OR910331.1) is ignored but added at the end
NOTE: OR910231.1 (identical to PP829699.1) is ignored but added at the end
NOTE: OR910238.1 (identical to PP829699.1) is ignored but added at the end
NOTE: OR910254.1 (identical to PP829699.1) is ignored but added at the end
NOTE: OR910325.1 (identical to PP829699.1) is ignored but added at the end
NOTE: OR910396.1 (identical to PP829699.1) is ignored but added at the end
NOTE: OR910521.1 (identical to PP829699.1) is ignored but added at the end
NOTE: OR591549.1 (identical to PP829699.1) is ignored but added at the end
NOTE: OR125345.1 (identical to PP829699.1) is ignored but added at the end
NOTE: OR125426.1 (identical to PP829699.1) is ignored but added at the end
NOTE: OR910205.1 (identical to PQ300685.1) is ignored but added at the end
NOTE: OR910164.1 (identical to PQ300675.1) is ignored but added at the end
NOTE: OR910366.1 (identical to PQ300675.1) is ignored but added at the end
NOTE: OR910153.1 (identical to PQ300707.1) is ignored but added at the end
NOTE: OR910268.1 (identical to PQ300707.1) is ignored but added at the end
NOTE: OR910528.1 (identical to PQ300707.1) is ignored but added at the end
NOTE: OR125503.1 (identical to PQ300707.1) is ignored but added at the end
NOTE: PP378130.1 (identical to PP799753.1) is ignored but added at the end
NOTE: OR961108.1 (identical to PQ300731.1) is ignored but added at the end
NOTE: OR878088.1 (identical to OR889491.1) is ignored but added at the end
NOTE: OR435522.1 (identical to OR435469.1) is ignored but added at the end
NOTE: OR435553.1 (identical to OR435469.1) is ignored but added at the end
NOTE: OR435623.1 (identical to OR435469.1) is ignored but added at the end
NOTE: OR435638.1 (identical to OR435469.1) is ignored but added at the end
NOTE: PQ500560.1 (identical to PQ500558.1) is ignored but added at the end
Alignment was printed to output/tree/aligned-delim.fasta.uniqueseq.phy

For your convenience alignment with unique sequences printed to output/tree/aligned-delim.fasta.uniqueseq.phy

Create initial parsimony tree by phylogenetic likelihood library (PLL)... 0.255 seconds

NOTE: 34 MB RAM (0 GB) is required!
Measuring multi-threading efficiency up to 12 CPU cores
Increase to 10 rounds for branch lengths
18 trees examined
Threads: 1 / Time: 12.041 sec / Speedup: 1.000 / Efficiency: 100% / LogL: -220646
Threads: 2 / Time: 9.001 sec / Speedup: 1.338 / Efficiency: 67% / LogL: -220646
Threads: 3 / Time: 7.334 sec / Speedup: 1.642 / Efficiency: 55% / LogL: -220646
Threads: 4 / Time: 6.735 sec / Speedup: 1.788 / Efficiency: 45% / LogL: -220646
BEST NUMBER OF THREADS: 3

Estimate model parameters (epsilon = 0.500)
1. Initial log-likelihood: -37971.235
2. Current log-likelihood: -35245.261
3. Current log-likelihood: -35241.993
Optimal log-likelihood: -35241.989
Rate parameters:  A-C: 1.60971  A-G: 7.01317  A-T: 0.76166  C-G: 0.28727  C-T: 10.29013  G-T: 1.00000
Base frequencies:  A: 0.346  C: 0.186  G: 0.230  T: 0.237
Parameters optimization took 3 rounds (2.167 sec)
Wrote distance file to... 
Computing ML distances based on estimated model parameters...
Calculating distance matrix: done in 0.502985 secs using 297.7% CPU
Computing ML distances took 0.505236 sec (of wall-clock time) 1.499417 sec (of CPU time)
Setting up auxiliary I and S matrices: done in 0.0141453 secs using 167.8% CPU
Computing RapidNJ tree took 0.052924 sec (of wall-clock time) 0.057572 sec (of CPU time)
Log-likelihood of RapidNJ tree: -35555.188
--------------------------------------------------------------------
|             INITIALIZING CANDIDATE TREE SET                      |
--------------------------------------------------------------------

Do NNI search on 2 best initial trees
Estimate model parameters (epsilon = 0.500)
BETTER TREE FOUND at iteration 1: -35214.875
Estimate model parameters (epsilon = 0.500)
BETTER TREE FOUND at iteration 2: -35214.259
Finish initializing candidate tree set (4)
Current best tree score: -35214.259 / CPU time: 2.676
Number of iterations: 2
TREE SEARCH COMPLETED AFTER 2 ITERATIONS / Time: 0h:0m:41s

--------------------------------------------------------------------
|                    FINALIZING TREE SEARCH                        |
--------------------------------------------------------------------
Performs final model parameters optimization
Estimate model parameters (epsilon = 0.050)
1. Initial log-likelihood: -35214.259
Optimal log-likelihood: -35214.259
Rate parameters:  A-C: 1.62169  A-G: 7.01360  A-T: 0.75169  C-G: 0.27650  C-T: 10.29247  G-T: 1.00000
Base frequencies:  A: 0.346  C: 0.186  G: 0.230  T: 0.237
Parameters optimization took 1 rounds (0.179 sec)
BEST SCORE FOUND : -35214.259
Total tree length: 3.211

Total number of iterations: 2
CPU time used for tree search: 7.471 sec (0h:0m:7s)
Wall-clock time used for tree search: 2.680 sec (0h:0m:2s)
Total CPU time used: 95.729 sec (0h:1m:35s)
Total wall-clock time used: 42.151 sec (0h:0m:42s)

Analysis results written to: 
  IQ-TREE report:                output/tree/aligned-delim.fasta.iqtree
  Maximum-likelihood tree:       output/tree/aligned-delim.fasta.treefile
  Likelihood distances:          output/tree/aligned-delim.fasta.mldist
  Screen log file:               output/tree/aligned-delim.fasta.log

Date and Time: Sun Apr  6 03:22:23 2025
