IQ-TREE multicore version 2.3.5.cmaple COVID-edition for Linux x86 64-bit built May 27 2024
Developed by Bui Quang Minh, James Barbetti, Nguyen Lam Tung, Olga Chernomor,
Heiko Schmidt, Dominik Schrempf, Michael Woodhams, Ly Trong Nhan, Thomas Wong

Host:    eba5c66f80f8 (SSE4.2, 71 GB RAM)
Command: iqtree --threads-max 12 -s output/tree/focal_aligned-delim.fasta -m GTR --ninit 2 -n 2 --epsilon 0.05 -T AUTO --redo
Seed:    462344 (Using SPRNG - Scalable Parallel Random Number Generator)
Time:    Wed Apr 30 15:57:51 2025
Kernel:  SSE2 - auto-detect threads (14 CPU cores detected)

Reading alignment file output/tree/focal_aligned-delim.fasta ... Fasta format detected
Reading fasta file: done in 0.0354837 secs using 55.06% CPU
Alignment most likely contains DNA/RNA sequences
Alignment has 621 sequences with 1760 columns, 1211 distinct patterns
868 parsimony-informative, 157 singleton sites, 735 constant sites
            Gap/Ambiguity  Composition  p-value
Analyzing sequences: done in 0.00126392 secs using 87.19% CPU
   1  AF144305.1    0.00%    passed     99.59%
   2  CY098325.1    3.18%    passed     97.28%
   3  CY098460.1    3.18%    passed     94.85%
   4  MH558952.1    3.01%    passed     89.96%
   5  CY062609.1    0.00%    passed     74.82%
   6  KY558847.1    1.02%    passed     88.02%
   7  KJ522717.1    3.18%    passed     75.08%
   8  KJ522718.1    3.18%    passed     85.51%
   9  JQ858479.2    0.23%    passed     84.91%
  10  JN807824.1    2.50%    passed     77.24%
  11  JN807859.1    2.50%    passed     80.98%
  12  JX912991.1    1.02%    passed     69.96%
  13  JX912995.1    1.02%    passed     69.96%
  14  HQ198275.2    3.18%    passed     95.11%
  15  HQ198290.2    3.18%    passed     93.54%
  16  JN795912.1    5.11%    passed     88.59%
  17  JN613381.1    3.18%    passed     85.08%
  18  PV210072.1    3.98%    passed     56.69%
  19  OQ202267.1    0.97%    passed     80.58%
  20  OP023753.1    0.51%    passed     66.97%
  21  MW466215.1    0.51%    passed     70.42%
  22  OM938329.1    0.51%    passed     86.08%
  23  MF112558.1    3.24%    passed     84.15%
  24  KY171528.1    3.18%    passed     92.01%
  25  KY171536.1    3.18%    passed     94.35%
  26  KY171576.1    3.18%    passed     94.08%
  27  KM821621.1    3.18%    passed     96.36%
  28  KX513178.1    0.17%    passed     96.51%
  29  LC010736.1    2.39%    passed     92.93%
  30  KM821638.1    3.18%    passed     95.00%
  31  KP762509.1    1.02%    passed     92.85%
  32  LC167766.1    0.17%    passed     86.98%
  33  JN613388.1    3.30%    passed     97.19%
  34  KY635638.1    1.48%    passed     96.62%
  35  KT361947.1    2.44%    passed     95.58%
  36  KP662584.1    2.39%    passed     96.87%
  37  CY089470.1    1.70%    passed     96.61%
  38  KC616475.1    3.86%    passed     92.83%
  39  KJ682248.1    3.18%    passed     89.65%
  40  KM110975.1    2.50%    passed     95.70%
  41  MW676312.1    3.18%    passed     88.78%
  42  KP097915.1    3.01%    passed     92.72%
  43  KM821629.1    3.01%    passed     78.65%
  44  KF369257.1    1.65%    passed     69.17%
  45  KF918478.1    0.00%    passed     70.82%
  46  KF918456.1    2.10%    passed     64.07%
  47  AB818505.1    0.85%    passed     85.90%
  48  JQ714246.1    0.45%    passed     71.89%
  49  JN588816.1    0.80%    passed     70.49%
  50  JN588821.1    0.74%    passed     79.74%
  51  JN588823.1    0.00%    passed     74.17%
  52  KP742852.1    0.80%    passed     55.36%
  53  KP742883.1    3.01%    passed     59.46%
  54  PV218257.1    3.18%    passed     94.09%
  55  PV218329.1    3.18%    passed     93.06%
  56  PV218465.1    3.18%    passed     94.64%
  57  PV219041.1    3.18%    passed     94.64%
  58  PV219009.1    3.18%    passed     95.63%
  59  PV162175.1    3.18%    passed     94.09%
  60  PV072333.1    3.18%    passed     95.63%
  61  PQ707033.1    3.18%    passed     92.31%
  62  PV162255.1    3.18%    passed     96.70%
  63  PV218305.1    3.18%    passed     95.58%
  64  PV219105.1    3.18%    passed     96.21%
  65  PQ719169.1    3.18%    passed     95.54%
  66  OK022351.1    3.35%    passed     98.66%
  67  OK022519.1    3.35%    passed     96.51%
  68  OK022551.1    3.35%    passed     98.63%
  69  OP597554.1    1.42%    passed     99.11%
  70  OK022527.1    1.36%    passed     99.77%
  71  OK022583.1    1.36%    passed     99.14%
  72  LC627362.1    0.17%    passed     95.75%
  73  ON870441.1    0.80%    passed     99.29%
  74  MW961492.1    0.80%    passed     98.01%
  75  PP763699.1    1.36%    passed     99.62%
  76  PV218337.1    3.18%    passed     99.52%
  77  PQ379407.1    3.18%    passed     99.02%
  78  PQ288091.1    3.18%    passed     99.52%
  79  PQ832573.1    3.18%    passed     99.52%
  80  PQ135749.1    3.18%    passed     99.63%
  81  PQ011283.1    3.18%    passed     99.52%
  82  PQ051474.1    3.18%    passed     99.25%
  83  PQ831733.1    3.18%    passed     99.37%
  84  PQ797873.1    3.18%    passed     99.66%
  85  PQ713585.1    3.18%    passed     97.05%
  86  PQ827781.1    3.18%    passed     99.39%
  87  PP576859.1    1.42%    passed     99.41%
  88  PP426567.1    3.18%    passed     99.74%
  89  PP426575.1    3.18%    passed     99.74%
  90  PP426583.1    3.18%    passed     99.93%
  91  OR381627.1    3.18%    passed     99.93%
  92  OR381660.1    3.18%    passed     99.93%
  93  OR381668.1    3.18%    passed     99.93%
  94  OR381636.1    3.18%    passed     99.82%
  95  OR381644.1    3.18%    passed     99.82%
  96  OR857851.1    3.18%    passed     99.99%
  97  PQ701641.1    3.18%    passed     98.65%
  98  PQ718089.1    3.18%    passed     99.87%
  99  PQ715961.1    3.18%    passed     99.15%
 100  PP488313.1    1.36%    passed    100.00%
 101  PP488329.1    1.36%    passed     99.87%
 102  PP488321.1    1.36%    passed     99.98%
 103  PP488337.1    1.36%    passed     99.98%
 104  PQ002114.1    0.40%    passed     99.96%
 105  PQ002122.1    0.40%    passed     99.96%
 106  PQ002130.1    0.40%    passed     99.96%
 107  PQ002138.1    0.40%    passed     99.96%
 108  PQ002146.1    0.40%    passed     99.96%
 109  PQ002154.1    0.40%    passed     99.96%
 110  OR987084.1    0.40%    passed     99.95%
 111  OR987100.1    0.17%    passed     99.93%
 112  OR987108.1    0.17%    passed     99.93%
 113  OR987124.1    0.17%    passed     99.93%
 114  OQ925725.1    0.17%    passed     99.55%
 115  OR912282.1    3.18%    passed     99.81%
 116  OR912283.1    3.18%    passed     99.81%
 117  OR912287.1    3.18%    passed     99.81%
 118  OR912288.1    3.18%    passed     99.81%
 119  OR912289.1    3.18%    passed     99.81%
 120  OR912284.1    3.18%    passed     99.65%
 121  OR912285.1    3.18%    passed     99.65%
 122  OR912291.1    3.18%    passed     99.65%
 123  OR912293.1    3.18%    passed     99.65%
 124  OR912354.1    3.18%    passed     99.65%
 125  OR912362.1    3.18%    passed     99.65%
 126  OR912286.1    3.18%    passed     99.71%
 127  OR912290.1    3.18%    passed     99.71%
 128  OR912292.1    3.18%    passed     99.71%
 129  PP094671.1    3.18%    passed     99.71%
 130  PP094679.1    3.18%    passed     99.71%
 131  OR912294.1    3.18%    passed     99.86%
 132  OR912295.1    3.18%    passed     99.63%
 133  OR591550.1    3.18%    passed     99.67%
 134  OQ747760.1    3.18%    passed     99.67%
 135  OR591551.1    3.18%    passed     99.58%
 136  OQ747761.1    3.18%    passed     99.19%
 137  OQ747758.1    3.18%    passed     99.58%
 138  OQ747759.1    3.18%    passed     99.80%
 139  OQ747762.1    3.18%    passed     99.80%
 140  OR381588.1    3.18%    passed     99.58%
 141  OR381676.1    3.18%    passed     99.87%
 142  OR381596.1    3.18%    passed     99.86%
 143  OR381604.1    3.18%    passed     99.86%
 144  OR381612.1    3.18%    passed     99.86%
 145  OR381620.1    3.18%    passed     99.86%
 146  PP768250.1    0.17%    passed     99.87%
 147  PQ705249.1    3.18%    passed     99.02%
 148  PQ711617.1    3.18%    passed     98.20%
 149  OQ965540.1    3.18%    passed     97.61%
 150  OQ962052.1    3.18%    passed     95.85%
 151  OQ966268.1    3.18%    passed     97.59%
 152  PQ701353.1    3.18%    passed     99.45%
 153  PP488345.1    1.93%    passed     99.73%
 154  PQ295907.1    1.14%    passed     99.77%
 155  OR987092.1    1.08%    passed     99.86%
 156  PP796346.1    0.45%    passed     99.96%
 157  PP757903.1    0.45%    passed     99.96%
 158  PP758145.1    0.45%    passed     99.96%
 159  PP785567.1    0.45%    passed     99.94%
 160  PP757826.1    0.45%    passed     99.94%
 161  OR268598.1    0.51%    passed     99.94%
 162  OR269268.1    0.51%    passed     99.94%
 163  OR125255.1    0.45%    passed     99.94%
 164  OR125292.1    0.45%    passed     99.94%
 165  OR125322.1    0.45%    passed     99.94%
 166  OR125407.1    0.45%    passed     99.94%
 167  OR125482.1    0.45%    passed     99.94%
 168  OQ455396.1    0.45%    passed     99.94%
 169  OQ455401.1    0.51%    passed     99.94%
 170  OQ455410.1    0.45%    passed     99.94%
 171  OQ455416.1    0.45%    passed     99.94%
 172  OQ455422.1    0.45%    passed     99.94%
 173  OR265542.1    0.51%    passed     99.98%
 174  OR265608.1    0.51%    passed     99.98%
 175  OQ455466.1    0.68%    passed     99.92%
 176  OR265569.1    0.57%    passed     99.90%
 177  PP785712.1    0.45%    passed     99.86%
 178  PP757839.1    0.45%    passed     99.86%
 179  OR125155.1    0.45%    passed     99.86%
 180  OR125180.1    0.45%    passed     99.97%
 181  OR125250.1    0.45%    passed     99.96%
 182  OR125269.1    0.45%    passed     99.86%
 183  OR125340.1    0.45%    passed     99.96%
 184  OQ455458.1    0.45%    passed     99.86%
 185  OQ455437.1    0.51%    passed     99.99%
 186  PP785586.1    0.51%    passed     99.97%
 187  PP757806.1    0.51%    passed     99.97%
 188  PP785700.1    0.45%    passed     99.96%
 189  PP757858.1    0.45%    passed     99.96%
 190  OR265639.1    0.51%    passed     99.94%
 191  OR125238.1    0.45%    passed     99.96%
 192  OQ455442.1    0.62%    passed    100.00%
 193  OR125188.1    0.45%    passed     99.82%
 194  OR125233.1    0.45%    passed     99.82%
 195  OR125262.1    0.45%    passed     99.72%
 196  OR125370.1    0.45%    passed     99.57%
 197  OR125279.1    0.45%    passed     99.86%
 198  OR125471.1    0.45%    passed     99.86%
 199  OR125390.1    0.45%    passed     99.72%
 200  OQ458189.1    0.57%    passed     99.89%
 201  OR125135.1    0.45%    passed     99.93%
 202  OR125162.1    0.45%    passed     99.90%
 203  OR125201.1    0.45%    passed     99.90%
 204  OR125399.1    0.45%    passed     99.90%
 205  OR125452.1    0.45%    passed     99.90%
 206  OR125285.1    0.45%    passed     99.99%
 207  OR125312.1    0.45%    passed     99.93%
 208  PP778673.1    0.51%    passed     99.98%
 209  PP757817.1    0.51%    passed     99.98%
 210  OR265539.1    0.51%    passed    100.00%
 211  OR265573.1    0.51%    passed     99.93%
 212  OR125296.1    0.45%    passed     99.96%
 213  PP799744.1    0.45%    passed     99.97%
 214  PP758168.1    0.45%    passed     99.97%
 215  PP785716.1    0.45%    passed     99.99%
 216  PP757830.1    0.45%    passed     99.99%
 217  PP777983.1    0.51%    passed     99.79%
 218  PP757866.1    0.51%    passed     99.79%
 219  PP799771.1    0.45%    passed     99.90%
 220  PP757909.1    0.45%    passed     99.90%
 221  OR269134.1    0.45%    passed     99.90%
 222  OR125328.1    0.45%    passed     99.90%
 223  OR125244.1    0.45%    passed     99.94%
 224  OR125319.1    0.45%    passed     99.94%
 225  OR125361.1    0.45%    passed     99.93%
 226  OR125141.1    0.45%    passed     99.98%
 227  OR125384.1    0.45%    passed     99.98%
 228  OR125415.1    0.45%    passed     99.98%
 229  OR125433.1    0.45%    passed     99.98%
 230  OR125175.1    0.45%    passed     99.99%
 231  OR125209.1    0.45%    passed     99.97%
 232  OR125440.1    0.45%    passed     99.90%
 233  OR125463.1    0.45%    passed     99.90%
 234  OR268564.1    0.51%    passed     99.98%
 235  OR269259.1    0.51%    passed     99.98%
 236  OR265587.1    0.51%    passed     99.82%
 237  OR125334.1    0.45%    passed     99.84%
 238  OR125420.1    0.45%    passed     99.84%
 239  OR125495.1    0.45%    passed     99.84%
 240  OR125301.1    0.45%    passed     99.71%
 241  OR125489.1    0.45%    passed     99.90%
 242  OR125499.1    0.45%    passed     99.90%
 243  OR125458.1    0.45%    passed     99.87%
 244  OR125351.1    0.45%    passed     99.85%
 245  OR125446.1    0.45%    passed     99.83%
 246  OR125214.1    0.45%    passed     99.90%
 247  OR125219.1    0.45%    passed     99.90%
 248  PP799761.1    0.45%    passed     99.93%
 249  PP757851.1    0.45%    passed     99.93%
 250  OR265549.1    0.51%    passed     99.86%
 251  OR268570.1    0.57%    passed     99.85%
 252  OR269264.1    0.57%    passed     99.85%
 253  OQ547312.1    0.51%    passed     99.98%
 254  OQ547375.1    0.51%    passed     99.98%
 255  OQ547335.1    0.51%    passed     99.98%
 256  OQ547439.1    0.51%    passed     99.98%
 257  cov4486       0.51%    passed     99.98%
 258  cov4489       0.97%    passed     99.70%
 259  cov4418       0.57%    passed     99.99%
 260  cov4425       0.62%    passed     99.97%
 261  cov4411       0.57%    passed     99.99%
 262  cov4422       0.74%    passed     99.94%
 263  cov4410       0.74%    passed     99.94%
 264  cov4485       1.65%    passed     99.93%
 265  cov4424       0.68%    passed     99.93%
 266  cov4401       0.57%    passed     99.97%
 267  cov4415       0.62%    passed     99.95%
 268  cov4402       0.68%    passed     99.97%
 269  cov4484       1.02%    passed     99.64%
 270  cov4409       0.74%    passed     99.84%
 271  cov4487       0.68%    passed     99.99%
 272  cov4483       3.18%    passed     99.83%
 273  cov4474       0.51%    passed     99.98%
 274  OQ547407.1    0.51%    passed     99.89%
 275  OQ547415.1    0.51%    passed     99.89%
 276  OQ547327.1    0.51%    passed     99.98%
 277  OQ547351.1    0.51%    passed     99.98%
 278  OQ547423.1    0.51%    passed     99.98%
 279  OQ547447.1    0.51%    passed     99.98%
 280  cov4441       2.27%    passed     99.08%
 281  OQ547343.1    0.51%    passed     99.95%
 282  cov4388       0.57%    passed     99.85%
 283  OQ547359.1    0.51%    passed     99.93%
 284  OQ547367.1    0.51%    passed     99.93%
 285  cov4475       0.51%    passed     99.83%
 286  cov4495       0.57%    passed     99.99%
 287  cov4433       0.74%    passed     99.88%
 288  cov4449       0.62%    passed     99.93%
 289  cov4386       0.74%    passed     99.98%
 290  cov4420       0.74%    passed     99.95%
 291  cov4406       0.80%    passed     99.99%
 292  cov4493       0.51%    passed     99.99%
 293  cov4393       0.51%    passed     99.91%
 294  cov4416       0.51%    passed     99.80%
 295  cov4496       0.57%    passed     99.72%
 296  OQ547431.1    0.51%    passed     99.98%
 297  cov4419       0.80%    passed     99.62%
 298  cov4373       0.74%    passed     99.88%
 299  OQ547319.1    0.51%    passed     99.96%
 300  OQ547383.1    0.51%    passed     99.98%
 301  cov4380       1.31%    passed     99.99%
 302  cov4404       2.61%    passed     99.92%
 303  cov4464       1.93%    passed     99.71%
 304  cov4389       2.10%    passed     99.82%
 305  cov4478       8.75%    passed     96.51%
 306  cov4417       0.57%    passed     99.95%
 307  cov4479       3.86%    passed     98.99%
 308  cov4445       1.02%    passed     99.64%
 309  cov4414       1.14%    passed     99.66%
 310  cov4482       1.65%    passed     99.98%
 311  cov4488       1.14%    passed     99.78%
 312  cov4491      21.53%    passed     71.98%
 313  cov4494       1.02%    passed     99.42%
 314  cov4490       0.68%    passed    100.00%
 315  cov4399       1.59%    passed     99.93%
 316  OQ547391.1    0.51%    passed     99.92%
 317  OQ547399.1    0.51%    passed     99.92%
 318  cov4492       0.68%    passed     99.97%
 319  OQ683458.1    0.45%    passed     99.72%
 320  OQ925717.1    1.76%    passed     99.99%
 321  OR125307.1    0.17%    passed     99.98%
 322  OQ352556.1    0.17%    passed     99.89%
 323  OQ565628.1    1.25%    passed     99.87%
 324  cov4437       2.84%    passed     99.63%
 325  OQ832505.2    3.75%    passed     99.69%
 326  cov4448       1.59%    passed     99.79%
 327  cov4438      10.85%    passed     92.24%
 328  PQ338025.1    0.17%    passed     99.93%
 329  PQ304239.1    0.17%    passed     99.93%
 330  PQ305000.1    0.17%    passed     99.93%
 331  PQ305024.1    0.17%    passed     99.93%
 332  PQ305058.1    0.23%    passed     99.94%
 333  OR910192.1    0.17%    passed     99.93%
 334  OR910289.1    0.17%    passed     99.93%
 335  OR910295.1    0.17%    passed     99.93%
 336  OR910389.1    0.17%    passed     99.93%
 337  OR910353.1    0.17%    passed     99.91%
 338  OR910409.1    0.17%    passed     99.93%
 339  OR910460.1    0.17%    passed     99.93%
 340  PQ300721.1    0.17%    passed     99.89%
 341  OR960975.1    0.17%    passed     99.89%
 342  OR910331.1    0.17%    passed     99.77%
 343  OQ550442.1    0.17%    passed     99.77%
 344  OQ550450.1    0.17%    passed     99.77%
 345  OQ550458.1    0.17%    passed     99.77%
 346  OQ550466.1    0.17%    passed     99.77%
 347  OR960992.1    0.17%    passed     99.87%
 348  OR910282.1    0.17%    passed     99.87%
 349  OR910435.1    0.17%    passed     99.87%
 350  OR910346.1    0.17%    passed     99.77%
 351  OR910453.1    0.17%    passed     99.96%
 352  OR910502.1    0.17%    passed     99.89%
 353  OR910487.1    0.17%    passed     99.89%
 354  OR979599.1    0.28%    passed     99.98%
 355  OQ550474.1    0.17%    passed     99.87%
 356  OR910378.1    0.17%    passed     99.77%
 357  PQ304209.1    0.17%    passed     99.55%
 358  PQ304256.1    0.17%    passed     99.55%
 359  PP829699.1    0.17%    passed     99.77%
 360  OR910178.1    0.17%    passed     99.77%
 361  OR910231.1    0.17%    passed     99.77%
 362  OR910238.1    0.17%    passed     99.77%
 363  OR910254.1    0.17%    passed     99.77%
 364  OR910325.1    0.17%    passed     99.77%
 365  OR910396.1    0.17%    passed     99.77%
 366  OR910521.1    0.17%    passed     99.77%
 367  OR591549.1    0.17%    passed     99.77%
 368  OR125345.1    0.17%    passed     99.77%
 369  OR125426.1    0.17%    passed     99.77%
 370  OQ352548.1    0.17%    passed     99.87%
 371  PP785596.1    0.28%    passed     99.56%
 372  PP757802.1    0.28%    passed     99.56%
 373  PQ305002.1    0.17%    passed     99.29%
 374  PQ300685.1    0.17%    passed     99.55%
 375  PQ300706.1    0.17%    passed     99.55%
 376  OR979626.1    0.23%    passed     99.70%
 377  OR910205.1    0.17%    passed     99.55%
 378  PQ300698.1    0.17%    passed     99.29%
 379  OR910468.1    0.17%    passed     99.55%
 380  OR960980.1    0.17%    passed     99.77%
 381  OR960985.1    0.17%    passed     99.77%
 382  PQ305010.1    0.23%    passed     99.94%
 383  PQ300675.1    0.17%    passed     99.94%
 384  OR961011.1    0.17%    passed     99.94%
 385  OR910164.1    0.17%    passed     99.94%
 386  OR910366.1    0.17%    passed     99.94%
 387  PP799803.1    0.17%    passed     99.89%
 388  OR910243.1    0.17%    passed     99.71%
 389  OR910371.1    0.17%    passed     99.96%
 390  OR910261.1    0.17%    passed     99.99%
 391  OR910301.1    0.17%    passed     99.99%
 392  OR960998.1    0.17%    passed     99.87%
 393  OR910159.1    0.17%    passed     99.87%
 394  OR910495.1    0.17%    passed     99.94%
 395  OR910447.1    0.17%    passed     99.99%
 396  PQ300707.1    0.17%    passed     99.67%
 397  OR961095.1    0.17%    passed     99.67%
 398  OR910153.1    0.17%    passed     99.67%
 399  OR910268.1    0.17%    passed     99.67%
 400  OR910528.1    0.17%    passed     99.67%
 401  OR125503.1    0.17%    passed     99.67%
 402  OR910419.1    0.17%    passed     99.89%
 403  PP799753.1    0.17%    passed     99.91%
 404  PP785576.1    0.17%    passed     99.91%
 405  PP378130.1    0.17%    passed     99.91%
 406  OR910474.1    0.17%    passed     99.94%
 407  OR961005.1    0.17%    passed     99.89%
 408  OR910481.1    0.17%    passed     99.45%
 409  OR125356.1    0.17%    passed     99.79%
 410  OR910186.1    0.17%    passed     99.94%
 411  OR910318.1    0.17%    passed     99.89%
 412  OR910248.1    0.17%    passed     99.89%
 413  OR910415.1    0.17%    passed     99.87%
 414  PP786400.1    0.17%    passed     99.77%
 415  PQ300731.1    0.17%    passed     99.77%
 416  OR961083.1    0.17%    passed     99.77%
 417  OR961108.1    0.17%    passed     99.77%
 418  PQ113941.1    0.17%    passed     99.93%
 419  OR910509.1    0.17%    passed     99.94%
 420  OR910145.1    0.17%    passed     99.94%
 421  OR910223.1    0.17%    passed     99.48%
 422  OR910404.1    0.17%    passed     99.75%
 423  OR961102.1    0.17%    passed     99.45%
 424  OR910199.1    0.17%    passed     99.96%
 425  OR910515.1    0.17%    passed     99.96%
 426  PP829625.1    0.17%    passed     99.87%
 427  PP829708.1    0.17%    passed     99.87%
 428  OQ550434.1   18.64%    passed     88.77%
 429  OR910361.1    0.17%    passed     99.99%
 430  OR910442.1    0.17%    passed     99.99%
 431  OR910217.1    0.17%    passed     99.97%
 432  PQ113933.1    0.17%    passed     99.61%
 433  PQ304221.1    0.23%    passed     99.96%
 434  PQ304273.1    0.17%    passed     99.97%
 435  OR910308.1    0.17%    passed     99.67%
 436  OR910425.1    0.17%    passed     99.79%
 437  OR910384.1    0.17%    passed     99.62%
 438  OR979619.1    0.40%    passed     99.89%
 439  OQ550426.1    0.17%    passed     99.87%
 440  OR910275.1    0.17%    passed     99.96%
 441  OR910430.1    0.17%    passed     99.75%
 442  OR853751.1    0.17%    passed     99.84%
 443  PP779060.1    0.17%    passed     99.97%
 444  PP782205.1    0.17%    passed     99.97%
 445  PP779933.1    0.17%    passed     99.93%
 446  PP782339.1    0.17%    passed     99.97%
 447  OR860361.1    0.17%    passed     99.91%
 448  PP390166.1    0.17%    passed     99.79%
 449  OR420092.1    0.17%    passed     99.78%
 450  PP785021.1    0.28%    passed     99.83%
 451  PP768660.1    0.17%    passed     99.92%
 452  PP776752.1    0.17%    passed     99.75%
 453  OR910172.1    0.17%    passed     99.96%
 454  OR910477.1    0.17%    passed     99.79%
 455  PQ304425.1    0.17%    passed     99.11%
 456  PQ304435.1    0.17%    passed     99.11%
 457  PQ304488.1    0.17%    passed     99.52%
 458  PQ304584.1    0.17%    passed     99.52%
 459  PQ304440.1    0.23%    passed     99.57%
 460  PQ304566.1    0.17%    passed     99.54%
 461  PQ129514.1    0.17%    passed     99.97%
 462  PQ114025.1    0.17%    passed     99.97%
 463  PQ114041.1    0.17%    passed     99.97%
 464  PQ113961.1    0.17%    passed     99.91%
 465  PQ129506.1    0.17%    passed    100.00%
 466  PQ129522.1    0.17%    passed     99.99%
 467  PQ114065.1    0.17%    passed     99.97%
 468  PQ113953.1    0.23%    passed     99.89%
 469  PQ114001.1    0.17%    passed     99.96%
 470  PQ114017.1    0.17%    passed     99.89%
 471  PQ114009.1    0.17%    passed     99.55%
 472  PQ114033.1    0.17%    passed     99.89%
 473  PQ114057.1    0.17%    passed     99.75%
 474  PQ114073.1    0.17%    passed     99.55%
 475  PQ114049.1    0.17%    passed     99.97%
 476  PQ113969.1    0.17%    passed     99.87%
 477  PQ113977.1    0.23%    passed     99.94%
 478  PQ114089.1    0.17%    passed     99.97%
 479  PQ113993.1    0.34%    passed     99.97%
 480  PQ114081.1    0.28%    passed     99.95%
 481  PQ113985.1    0.17%    passed     99.97%
 482  OR889491.1    0.17%    passed     99.91%
 483  OR269887.1    0.17%    passed     99.91%
 484  PP777458.1    0.17%    passed     97.74%
 485  PP778505.1    0.17%    passed     99.92%
 486  PP780174.1    0.17%    passed     99.92%
 487  PP769614.1    0.17%    passed     99.78%
 488  PP769739.1    0.17%    passed     99.78%
 489  OR839997.1    0.45%    passed     99.94%
 490  OR852415.1    0.17%    passed     99.85%
 491  OR853704.1    0.45%    passed     99.58%
 492  PP780446.1    1.02%    passed     99.43%
 493  OR878088.1    0.17%    passed     99.91%
 494  OQ925704.1   34.32%    passed     88.42%
 495  OQ683482.1    0.23%    passed     97.10%
 496  OR381652.1    3.18%    passed     99.06%
 497  PP692235.1    0.17%    passed     99.55%
 498  PQ706129.1    3.18%    passed     97.02%
 499  PQ706545.1    3.18%    passed     96.71%
 500  PQ716017.1    3.18%    passed     98.87%
 501  PQ717465.1    3.18%    passed     98.28%
 502  OP950297.1    0.17%    passed     97.37%
 503  OP950305.1    0.17%    passed     98.57%
 504  PQ718721.1    3.18%    passed     99.81%
 505  PP691949.1    1.42%    passed     99.08%
 506  OQ683466.1    0.51%    passed     97.21%
 507  OQ683498.1    0.51%    passed     98.07%
 508  OQ683474.1    0.45%    passed     96.68%
 509  PP386940.1    2.67%    passed     99.49%
 510  cov4385      10.34%    passed     89.67%
 511  PV163164.1    1.36%    passed     99.74%
 512  OR844540.1    1.36%    passed     98.71%
 513  OQ683490.1    0.80%    passed     93.12%
 514  cov4471      79.66%    passed     28.60%
 515  PV187979.1    0.62%    passed     98.63%
 516  PV033329.1    3.24%    passed     99.93%
 517  OR881253.1    0.17%    passed     96.96%
 518  OR987116.1   18.58%    passed     92.77%
 519  OQ925711.1   73.52%    passed     18.94%
 520  PQ643771.1    0.91%    passed     95.78%
 521  OQ747763.1    0.17%    passed     99.82%
 522  OR048385.1    3.18%    passed     99.86%
 523  LC627330.1    3.18%    passed     99.91%
 524  LC625436.1    3.18%    passed     99.42%
 525  ON024712.1    9.77%    passed     88.22%
 526  OL354842.1    0.17%    passed     98.33%
 527  MN658688.1   13.41%    passed     89.73%
 528  MN658693.1   13.41%    passed     84.95%
 529  MT781570.2    3.18%    passed     99.62%
 530  MN874973.1    5.91%    passed     96.22%
 531  MH165604.1    3.18%    passed     98.76%
 532  KT936712.1    7.27%    passed     92.28%
 533  MZ235342.1    1.99%    passed     98.95%
 534  MW965518.1    3.58%    passed     95.28%
 535  OR435591.1    3.35%    passed     97.88%
 536  ON716432.1    3.35%    passed     99.66%
 537  MW110032.1    1.53%    passed     98.25%
 538  MW097765.1    1.14%    passed     98.91%
 539  MW097768.1    0.40%    passed     98.25%
 540  MW098433.1    2.05%    passed     86.18%
 541  MW098445.1    1.93%    passed     88.51%
 542  MW098448.1    2.05%    passed     90.02%
 543  MW098450.1    1.93%    passed     90.53%
 544  MT510051.1    3.35%    passed     87.73%
 545  OR435638.1    3.35%    passed     99.81%
 546  MW314795.1    3.35%    passed     99.72%
 547  MK849815.1    3.35%    passed     94.59%
 548  MN577323.1    3.35%    passed     96.52%
 549  LC417187.1    1.19%    passed     91.90%
 550  LC274989.1    1.19%    passed     79.47%
 551  LC318655.1    0.34%    passed     94.99%
 552  LC342523.1    0.34%    passed     89.78%
 553  MN128651.1    3.18%    passed     92.45%
 554  KY415620.1    3.01%    passed     98.92%
 555  KX960170.1    3.35%    passed     99.32%
 556  MF960003.1    3.35%    passed     93.83%
 557  LC028315.1    0.34%    passed     96.04%
 558  MW333318.1    0.17%    passed     97.04%
 559  MW334134.1    0.23%    passed     98.87%
 560  MW334254.1    0.17%    passed     94.78%
 561  MG965072.1    0.91%    passed     97.06%
 562  KR233982.1    0.91%    passed     98.99%
 563  KT280932.1    0.91%    passed     99.48%
 564  KP307984.1    0.91%    passed     99.25%
 565  KJ509132.1    1.02%    passed     99.02%
 566  KX297877.1    3.18%    passed     99.53%
 567  KT936692.1    9.20%    passed     79.24%
 568  MW333382.1    0.17%    passed     97.67%
 569  MW333894.1    0.17%    passed     96.36%
 570  MW333926.1    0.17%    passed     99.04%
 571  MW334510.1    0.17%    passed     99.69%
 572  MW334382.1    0.17%    passed     99.50%
 573  MT295787.1    3.18%    passed     95.75%
 574  ON716439.1    3.18%    passed     94.26%
 575  MT547685.1    0.23%    passed     98.10%
 576  MT020150.1    0.68%    passed     84.93%
 577  KU851866.1    0.17%    passed     32.86%
 578  KJ683880.1    3.18%    passed     54.87%
 579  PQ500558.1   91.36%    passed     78.39%
 580  PQ500559.1   91.36%    passed     78.39%
 581  PQ500560.1   91.36%    passed     78.39%
 582  PQ500561.1   91.36%    passed     82.24%
 583  PP502509.1    3.69%    passed     83.06%
 584  KX254928.1   63.18%    passed     35.51%
 585  KX101134.1   68.30%    passed     35.63%
 586  KX101141.1   64.89%    passed     44.79%
 587  MK163970.1    3.69%    passed     88.74%
 588  MK163984.1    3.69%    passed     90.93%
 589  MK164009.1   14.20%    passed     90.51%
 590  KX185908.1    3.69%    passed     99.88%
 591  MK071388.1    3.69%    passed     95.70%
 592  KX101207.1   64.20%    passed     66.14%
 593  PP829694.1    5.40%    passed     80.99%
 594  PP829711.1    0.68%    passed     77.99%
 595  PP829775.1    0.68%    passed     81.04%
 596  PP829958.1    0.68%    passed     65.91%
 597  PP829968.1    0.68%    passed     65.91%
 598  OP888702.1    0.68%    passed     91.87%
 599  MK167355.1    3.69%    passed     94.93%
 600  MH347216.1    0.68%    passed     94.19%
 601  MK345909.1    1.14%    passed     95.94%
 602  MH546187.1    1.02%    passed     99.21%
 603  CY177345.1    1.02%    passed     94.89%
 604  KX458007.1    0.68%    passed     95.08%
 605  MH546283.1    0.97%    passed     83.28%
 606  MH546363.1    0.80%    passed     87.14%
 607  CY167046.1    0.97%    passed     88.71%
 608  MH068239.1    0.97%    passed     77.57%
 609  MF046544.2    3.69%    passed     98.52%
 610  KF772948.1    1.76%    passed     77.40%
 611  CY207181.1    1.08%    passed     77.68%
 612  KC703342.1    3.69%    passed     89.84%
 613  CY207189.1    1.02%    passed     79.36%
 614  KC703334.1    3.69%    passed     86.46%
 615  KR137670.1    3.69%    passed     83.30%
 616  KJ162588.1    3.69%    passed     98.57%
 617  OP776660.1    1.02%    passed     79.08%
 618  MZ564732.1    3.69%    passed     29.03%
 619  MZ564972.1    3.69%    passed     30.78%
 620  MZ564948.1    3.69%    passed     30.97%
 621  MZ564940.1    3.69%    passed     90.40%
WARNING: 10 sequences contain more than 50% gaps/ambiguity
****  TOTAL         2.73%  0 sequences failed composition chi2 test (p-value<5%; df=3)
NOTE: JX912995.1 is identical to JX912991.1 but kept for subsequent analysis
NOTE: PV219041.1 is identical to PV218465.1 but kept for subsequent analysis
NOTE: PP426575.1 is identical to PP426567.1 but kept for subsequent analysis
NOTE: OR381627.1 is identical to PP426583.1 but kept for subsequent analysis
NOTE: OR381644.1 is identical to OR381636.1 but kept for subsequent analysis
NOTE: PQ002122.1 is identical to PQ002114.1 but kept for subsequent analysis
NOTE: OR987108.1 is identical to OR987100.1 but kept for subsequent analysis
NOTE: OR912283.1 is identical to OR912282.1 but kept for subsequent analysis
NOTE: OR912285.1 is identical to OR912284.1 but kept for subsequent analysis
NOTE: OQ747760.1 is identical to OR591550.1 but kept for subsequent analysis
NOTE: OQ747762.1 is identical to OQ747759.1 but kept for subsequent analysis
NOTE: OR381604.1 is identical to OR381596.1 but kept for subsequent analysis
NOTE: PP757903.1 is identical to PP796346.1 but kept for subsequent analysis
NOTE: PP757826.1 is identical to PP785567.1 but kept for subsequent analysis
NOTE: OR269268.1 is identical to OR268598.1 but kept for subsequent analysis
NOTE: OR265608.1 is identical to OR265542.1 but kept for subsequent analysis
NOTE: PP757839.1 is identical to PP785712.1 but kept for subsequent analysis
NOTE: PP757806.1 is identical to PP785586.1 but kept for subsequent analysis
NOTE: PP757858.1 is identical to PP785700.1 but kept for subsequent analysis
NOTE: OR125233.1 is identical to OR125188.1 but kept for subsequent analysis
NOTE: OR125471.1 is identical to OR125279.1 but kept for subsequent analysis
NOTE: OR125201.1 is identical to OR125162.1 but kept for subsequent analysis
NOTE: PP757817.1 is identical to PP778673.1 but kept for subsequent analysis
NOTE: PP758168.1 is identical to PP799744.1 but kept for subsequent analysis
NOTE: PP757830.1 is identical to PP785716.1 but kept for subsequent analysis
NOTE: PP757866.1 is identical to PP777983.1 but kept for subsequent analysis
NOTE: PP757909.1 is identical to PP799771.1 but kept for subsequent analysis
NOTE: OR125328.1 is identical to OR269134.1 but kept for subsequent analysis
NOTE: OR125319.1 is identical to OR125244.1 but kept for subsequent analysis
NOTE: OR125384.1 is identical to OR125141.1 but kept for subsequent analysis
NOTE: OR269259.1 is identical to OR268564.1 but kept for subsequent analysis
NOTE: OR125420.1 is identical to OR125334.1 but kept for subsequent analysis
NOTE: OR125499.1 is identical to OR125489.1 but kept for subsequent analysis
NOTE: OR125219.1 is identical to OR125214.1 but kept for subsequent analysis
NOTE: PP757851.1 is identical to PP799761.1 but kept for subsequent analysis
NOTE: OR269264.1 is identical to OR268570.1 but kept for subsequent analysis
NOTE: OQ547375.1 is identical to OQ547312.1 but kept for subsequent analysis
NOTE: OQ547439.1 is identical to OQ547335.1 but kept for subsequent analysis
NOTE: OQ547415.1 is identical to OQ547407.1 but kept for subsequent analysis
NOTE: OQ547351.1 is identical to OQ547327.1 but kept for subsequent analysis
NOTE: OQ547367.1 is identical to OQ547359.1 but kept for subsequent analysis
NOTE: OQ547399.1 is identical to OQ547391.1 but kept for subsequent analysis
NOTE: PQ304239.1 is identical to PQ338025.1 but kept for subsequent analysis
NOTE: OR910460.1 is identical to OR910409.1 but kept for subsequent analysis
NOTE: OR960975.1 is identical to PQ300721.1 but kept for subsequent analysis
NOTE: OQ550442.1 is identical to OR910331.1 but kept for subsequent analysis
NOTE: OR910435.1 is identical to OR910282.1 but kept for subsequent analysis
NOTE: OR910178.1 is identical to PP829699.1 but kept for subsequent analysis
NOTE: PP757802.1 is identical to PP785596.1 but kept for subsequent analysis
NOTE: PQ300706.1 is identical to PQ300685.1 but kept for subsequent analysis
NOTE: OR960985.1 is identical to OR960980.1 but kept for subsequent analysis
NOTE: OR961011.1 is identical to PQ300675.1 but kept for subsequent analysis
NOTE: OR961095.1 is identical to PQ300707.1 but kept for subsequent analysis
NOTE: PP785576.1 is identical to PP799753.1 but kept for subsequent analysis
NOTE: OR961083.1 is identical to PQ300731.1 but kept for subsequent analysis
NOTE: PP829708.1 is identical to PP829625.1 but kept for subsequent analysis
NOTE: OR910442.1 is identical to OR910361.1 but kept for subsequent analysis
NOTE: PP782205.1 is identical to PP779060.1 but kept for subsequent analysis
NOTE: PQ304435.1 is identical to PQ304425.1 but kept for subsequent analysis
NOTE: PQ304584.1 is identical to PQ304488.1 but kept for subsequent analysis
NOTE: PQ114025.1 is identical to PQ129514.1 but kept for subsequent analysis
NOTE: OR269887.1 is identical to OR889491.1 but kept for subsequent analysis
NOTE: PP780174.1 is identical to PP778505.1 but kept for subsequent analysis
NOTE: PP769739.1 is identical to PP769614.1 but kept for subsequent analysis
NOTE: PQ500559.1 is identical to PQ500558.1 but kept for subsequent analysis
NOTE: PP829968.1 is identical to PP829958.1 but kept for subsequent analysis
NOTE: 66 identical sequences (see below) will be ignored for subsequent analysis
NOTE: OR381660.1 (identical to PP426583.1) is ignored but added at the end
NOTE: OR381668.1 (identical to PP426583.1) is ignored but added at the end
NOTE: PQ002130.1 (identical to PQ002114.1) is ignored but added at the end
NOTE: PQ002138.1 (identical to PQ002114.1) is ignored but added at the end
NOTE: PQ002146.1 (identical to PQ002114.1) is ignored but added at the end
NOTE: PQ002154.1 (identical to PQ002114.1) is ignored but added at the end
NOTE: OR987124.1 (identical to OR987100.1) is ignored but added at the end
NOTE: OR912287.1 (identical to OR912282.1) is ignored but added at the end
NOTE: OR912288.1 (identical to OR912282.1) is ignored but added at the end
NOTE: OR912289.1 (identical to OR912282.1) is ignored but added at the end
NOTE: OR912291.1 (identical to OR912284.1) is ignored but added at the end
NOTE: OR912293.1 (identical to OR912284.1) is ignored but added at the end
NOTE: OR912354.1 (identical to OR912284.1) is ignored but added at the end
NOTE: OR912362.1 (identical to OR912284.1) is ignored but added at the end
NOTE: OR381612.1 (identical to OR381596.1) is ignored but added at the end
NOTE: OR381620.1 (identical to OR381596.1) is ignored but added at the end
NOTE: PP758145.1 (identical to PP796346.1) is ignored but added at the end
NOTE: OR125255.1 (identical to PP785567.1) is ignored but added at the end
NOTE: OR125292.1 (identical to PP785567.1) is ignored but added at the end
NOTE: OR125322.1 (identical to PP785567.1) is ignored but added at the end
NOTE: OR125407.1 (identical to PP785567.1) is ignored but added at the end
NOTE: OR125482.1 (identical to PP785567.1) is ignored but added at the end
NOTE: OQ455396.1 (identical to PP785567.1) is ignored but added at the end
NOTE: OQ455410.1 (identical to PP785567.1) is ignored but added at the end
NOTE: OQ455416.1 (identical to PP785567.1) is ignored but added at the end
NOTE: OQ455422.1 (identical to PP785567.1) is ignored but added at the end
NOTE: OQ455401.1 (identical to OR268598.1) is ignored but added at the end
NOTE: OR125238.1 (identical to PP785700.1) is ignored but added at the end
NOTE: OR125399.1 (identical to OR125162.1) is ignored but added at the end
NOTE: OR125452.1 (identical to OR125162.1) is ignored but added at the end
NOTE: OR125415.1 (identical to OR125141.1) is ignored but added at the end
NOTE: OR125433.1 (identical to OR125141.1) is ignored but added at the end
NOTE: OR125495.1 (identical to OR125334.1) is ignored but added at the end
NOTE: cov4486 (identical to OQ547335.1) is ignored but added at the end
NOTE: OQ547423.1 (identical to OQ547327.1) is ignored but added at the end
NOTE: OQ547447.1 (identical to OQ547327.1) is ignored but added at the end
NOTE: PQ305000.1 (identical to PQ338025.1) is ignored but added at the end
NOTE: PQ305024.1 (identical to PQ338025.1) is ignored but added at the end
NOTE: OR910192.1 (identical to PQ338025.1) is ignored but added at the end
NOTE: OR910289.1 (identical to PQ338025.1) is ignored but added at the end
NOTE: OR910295.1 (identical to PQ338025.1) is ignored but added at the end
NOTE: OR910389.1 (identical to PQ338025.1) is ignored but added at the end
NOTE: OQ550450.1 (identical to OR910331.1) is ignored but added at the end
NOTE: OQ550458.1 (identical to OR910331.1) is ignored but added at the end
NOTE: OQ550466.1 (identical to OR910331.1) is ignored but added at the end
NOTE: OR910231.1 (identical to PP829699.1) is ignored but added at the end
NOTE: OR910238.1 (identical to PP829699.1) is ignored but added at the end
NOTE: OR910254.1 (identical to PP829699.1) is ignored but added at the end
NOTE: OR910325.1 (identical to PP829699.1) is ignored but added at the end
NOTE: OR910396.1 (identical to PP829699.1) is ignored but added at the end
NOTE: OR910521.1 (identical to PP829699.1) is ignored but added at the end
NOTE: OR591549.1 (identical to PP829699.1) is ignored but added at the end
NOTE: OR125345.1 (identical to PP829699.1) is ignored but added at the end
NOTE: OR125426.1 (identical to PP829699.1) is ignored but added at the end
NOTE: OR910205.1 (identical to PQ300685.1) is ignored but added at the end
NOTE: OR910164.1 (identical to PQ300675.1) is ignored but added at the end
NOTE: OR910366.1 (identical to PQ300675.1) is ignored but added at the end
NOTE: OR910153.1 (identical to PQ300707.1) is ignored but added at the end
NOTE: OR910268.1 (identical to PQ300707.1) is ignored but added at the end
NOTE: OR910528.1 (identical to PQ300707.1) is ignored but added at the end
NOTE: OR125503.1 (identical to PQ300707.1) is ignored but added at the end
NOTE: PP378130.1 (identical to PP799753.1) is ignored but added at the end
NOTE: OR961108.1 (identical to PQ300731.1) is ignored but added at the end
NOTE: PQ114041.1 (identical to PQ129514.1) is ignored but added at the end
NOTE: OR878088.1 (identical to OR889491.1) is ignored but added at the end
NOTE: PQ500560.1 (identical to PQ500558.1) is ignored but added at the end
Alignment was printed to output/tree/focal_aligned-delim.fasta.uniqueseq.phy

For your convenience alignment with unique sequences printed to output/tree/focal_aligned-delim.fasta.uniqueseq.phy

Create initial parsimony tree by phylogenetic likelihood library (PLL)... 0.125 seconds

NOTE: 21 MB RAM (0 GB) is required!
Measuring multi-threading efficiency up to 12 CPU cores
Increase to 10 rounds for branch lengths
27 trees examined
Threads: 1 / Time: 12.224 sec / Speedup: 1.000 / Efficiency: 100% / LogL: -147377
Threads: 2 / Time: 8.539 sec / Speedup: 1.431 / Efficiency: 72% / LogL: -147377
Threads: 3 / Time: 8.622 sec / Speedup: 1.418 / Efficiency: 47% / LogL: -147377
BEST NUMBER OF THREADS: 2

Estimate model parameters (epsilon = 0.500)
1. Initial log-likelihood: -35176.838
2. Current log-likelihood: -32444.682
3. Current log-likelihood: -32442.044
Optimal log-likelihood: -32442.044
Rate parameters:  A-C: 1.68985  A-G: 7.49631  A-T: 0.73582  C-G: 0.30492  C-T: 10.98635  G-T: 1.00000
Base frequencies:  A: 0.347  C: 0.186  G: 0.230  T: 0.238
Parameters optimization took 3 rounds (2.202 sec)
Wrote distance file to... 
Computing ML distances based on estimated model parameters...
Calculating distance matrix: done in 0.349574 secs using 198.4% CPU
Computing ML distances took 0.351639 sec (of wall-clock time) 0.695893 sec (of CPU time)
Setting up auxiliary I and S matrices: done in 0.00654325 secs using 157.6% CPU
Computing RapidNJ tree took 0.022050 sec (of wall-clock time) 0.036970 sec (of CPU time)
Log-likelihood of RapidNJ tree: -32907.384
--------------------------------------------------------------------
|             INITIALIZING CANDIDATE TREE SET                      |
--------------------------------------------------------------------

Do NNI search on 2 best initial trees
Estimate model parameters (epsilon = 0.500)
BETTER TREE FOUND at iteration 1: -32428.710
Estimate model parameters (epsilon = 0.500)
BETTER TREE FOUND at iteration 2: -32409.109
Finish initializing candidate tree set (4)
Current best tree score: -32409.109 / CPU time: 2.434
Number of iterations: 2
TREE SEARCH COMPLETED AFTER 2 ITERATIONS / Time: 0h:0m:35s

--------------------------------------------------------------------
|                    FINALIZING TREE SEARCH                        |
--------------------------------------------------------------------
Performs final model parameters optimization
Estimate model parameters (epsilon = 0.050)
1. Initial log-likelihood: -32409.109
Optimal log-likelihood: -32409.109
Rate parameters:  A-C: 1.69529  A-G: 7.53858  A-T: 0.73966  C-G: 0.30503  C-T: 10.97368  G-T: 1.00000
Base frequencies:  A: 0.347  C: 0.186  G: 0.230  T: 0.238
Parameters optimization took 1 rounds (0.171 sec)
BEST SCORE FOUND : -32409.109
Total tree length: 3.117

Total number of iterations: 2
CPU time used for tree search: 4.728 sec (0h:0m:4s)
Wall-clock time used for tree search: 2.438 sec (0h:0m:2s)
Total CPU time used: 64.960 sec (0h:1m:4s)
Total wall-clock time used: 35.354 sec (0h:0m:35s)

Analysis results written to: 
  IQ-TREE report:                output/tree/focal_aligned-delim.fasta.iqtree
  Maximum-likelihood tree:       output/tree/focal_aligned-delim.fasta.treefile
  Likelihood distances:          output/tree/focal_aligned-delim.fasta.mldist
  Screen log file:               output/tree/focal_aligned-delim.fasta.log

Date and Time: Wed Apr 30 15:58:27 2025
