IQ-TREE multicore version 2.3.5.cmaple COVID-edition for Linux x86 64-bit built May 27 2024
Developed by Bui Quang Minh, James Barbetti, Nguyen Lam Tung, Olga Chernomor,
Heiko Schmidt, Dominik Schrempf, Michael Woodhams, Ly Trong Nhan, Thomas Wong

Host:    eba5c66f80f8 (SSE4.2, 71 GB RAM)
Command: iqtree --threads-max 12 -s output/tree/focal_aligned-delim.fasta -m GTR --ninit 2 -n 2 --epsilon 0.05 -T AUTO --redo
Seed:    846520 (Using SPRNG - Scalable Parallel Random Number Generator)
Time:    Sun Apr  6 23:26:00 2025
Kernel:  SSE2 - auto-detect threads (14 CPU cores detected)

Reading alignment file output/tree/focal_aligned-delim.fasta ... Fasta format detected
Reading fasta file: done in 0.0187431 secs using 92.87% CPU
Alignment most likely contains DNA/RNA sequences
Alignment has 598 sequences with 1760 columns, 1243 distinct patterns
875 parsimony-informative, 132 singleton sites, 753 constant sites
            Gap/Ambiguity  Composition  p-value
Analyzing sequences: done in 0.00110537 secs using 99.24% CPU
   1  AF144305.1    0.00%    passed     99.58%
   2  CY098325.1    3.18%    passed     97.24%
   3  CY098460.1    3.18%    passed     94.83%
   4  KY558844.1    1.02%    passed     87.99%
   5  KJ522717.1    3.18%    passed     75.13%
   6  KJ522718.1    3.18%    passed     85.52%
   7  JQ858479.2    0.23%    passed     84.91%
   8  JN807824.1    2.50%    passed     77.23%
   9  JN807859.1    2.50%    passed     81.00%
  10  JN807868.1    6.36%    passed     68.51%
  11  JX912991.1    1.02%    passed     69.97%
  12  JX912995.1    1.02%    passed     69.97%
  13  HQ198275.2    3.18%    passed     95.15%
  14  HQ198290.2    3.18%    passed     93.60%
  15  JN795912.1    5.11%    passed     88.62%
  16  JN613381.1    3.18%    passed     85.19%
  17  CY062609.1    0.00%    passed     74.88%
  18  OQ202264.1    0.57%    passed     91.67%
  19  KY635586.1    2.56%    passed     79.82%
  20  OP023710.1    0.51%    passed     82.18%
  21  MW749803.1    0.51%    passed     74.35%
  22  OM938321.1    0.51%    passed     82.70%
  23  KY629533.1    2.33%    passed     89.13%
  24  KT361947.1    2.44%    passed     95.61%
  25  KP662584.1    2.39%    passed     96.88%
  26  CY089470.1    1.70%    passed     96.65%
  27  KJ682248.1    3.18%    passed     89.66%
  28  KM110975.1    2.50%    passed     95.71%
  29  MF112557.1    3.18%    passed     83.85%
  30  KP762509.1    1.02%    passed     92.78%
  31  KY171523.1    3.24%    passed     92.07%
  32  KY171528.1    3.18%    passed     91.99%
  33  KM821621.1    3.18%    passed     96.34%
  34  KM821638.1    3.18%    passed     94.99%
  35  LC010728.1    1.53%    passed     93.68%
  36  LC167758.1    0.17%    passed     86.90%
  37  JN613388.1    3.30%    passed     97.21%
  38  MW676311.1    3.18%    passed     88.92%
  39  KP097915.1    3.01%    passed     92.84%
  40  MW965495.1    0.17%    passed     89.91%
  41  KY171568.1    3.01%    passed     81.12%
  42  KX513177.1    0.00%    passed     91.40%
  43  AB818505.1    0.85%    passed     85.99%
  44  KM821629.1    3.01%    passed     78.78%
  45  KF369257.1    1.65%    passed     69.29%
  46  KF918478.1    0.00%    passed     70.95%
  47  KF918456.1    2.10%    passed     64.19%
  48  JQ714246.1    0.45%    passed     71.96%
  49  JN588816.1    0.80%    passed     70.65%
  50  JN588821.1    0.74%    passed     79.88%
  51  JN588823.1    0.00%    passed     74.31%
  52  KP742852.1    0.80%    passed     55.32%
  53  KP742883.1    3.01%    passed     59.39%
  54  PV242346.1    1.14%    passed     97.08%
  55  PV242378.1    2.73%    passed     97.18%
  56  PV187859.1    6.31%    passed     89.04%
  57  PV214295.1    3.18%    passed     97.53%
  58  PV072141.1    3.18%    passed     97.88%
  59  PV162303.1    3.18%    passed     98.17%
  60  PV218513.1    3.18%    passed     94.63%
  61  PV162239.1    3.18%    passed     94.63%
  62  PV161983.1    3.18%    passed     94.32%
  63  PV218265.1    3.18%    passed     94.16%
  64  PV162159.1    3.18%    passed     97.75%
  65  PV177834.1    0.62%    passed     95.58%
  66  OK022343.1    3.35%    passed     98.00%
  67  OK022511.1    3.35%    passed     97.20%
  68  OK022543.1    3.35%    passed     98.11%
  69  OK022575.1    3.41%    passed     98.40%
  70  OK022519.1    3.35%    passed     96.52%
  71  OP597636.1    1.42%    passed     99.58%
  72  ON870434.1    0.91%    passed     99.48%
  73  LC626189.1    0.17%    passed     98.34%
  74  OP748410.1    3.18%    passed     97.46%
  75  MW275973.1    3.52%    passed     99.03%
  76  ON024711.1    9.77%    passed     88.68%
  77  OP031598.1    0.17%    passed     97.71%
  78  PV218905.1    3.18%    passed     99.41%
  79  PQ831509.1    3.18%    passed     99.44%
  80  PQ797681.1    3.18%    passed     99.44%
  81  PQ832381.1    3.18%    passed     99.66%
  82  PQ051466.1    3.18%    passed     99.26%
  83  PQ379215.1    3.18%    passed     99.54%
  84  PQ220848.1    3.18%    passed     99.65%
  85  PQ011275.1    3.18%    passed     99.54%
  86  PQ135557.1    3.18%    passed     99.65%
  87  PQ827589.1    3.18%    passed     98.99%
  88  PQ713193.1    3.18%    passed     97.67%
  89  PP691924.1    1.42%    passed     99.50%
  90  PP576849.1    1.42%    passed     99.17%
  91  PQ713545.1    3.18%    passed     96.45%
  92  PP426567.1    3.18%    passed     99.74%
  93  PP426575.1    3.18%    passed     99.74%
  94  PP426583.1    3.18%    passed     99.93%
  95  OR381627.1    3.18%    passed     99.93%
  96  OR381660.1    3.18%    passed     99.93%
  97  OR381668.1    3.18%    passed     99.93%
  98  OR381636.1    3.18%    passed     99.82%
  99  OR381644.1    3.18%    passed     99.82%
 100  OR857851.1    3.18%    passed    100.00%
 101  PQ706353.1    3.18%    passed     98.96%
 102  PQ706841.1    3.18%    passed     99.59%
 103  OR912282.1    3.18%    passed     99.82%
 104  OR912283.1    3.18%    passed     99.82%
 105  OR912287.1    3.18%    passed     99.82%
 106  OR912288.1    3.18%    passed     99.82%
 107  OR912289.1    3.18%    passed     99.82%
 108  OR912284.1    3.18%    passed     99.66%
 109  OR912285.1    3.18%    passed     99.66%
 110  OR912291.1    3.18%    passed     99.66%
 111  OR912293.1    3.18%    passed     99.66%
 112  OR912354.1    3.18%    passed     99.66%
 113  OR912362.1    3.18%    passed     99.66%
 114  OR912286.1    3.18%    passed     99.72%
 115  OR912290.1    3.18%    passed     99.72%
 116  OR912292.1    3.18%    passed     99.72%
 117  PP094671.1    3.18%    passed     99.72%
 118  PP094679.1    3.18%    passed     99.72%
 119  OR912294.1    3.18%    passed     99.86%
 120  OR912295.1    3.18%    passed     99.65%
 121  OR591550.1    3.18%    passed     99.68%
 122  OQ747760.1    3.18%    passed     99.68%
 123  OR591551.1    3.18%    passed     99.59%
 124  OQ747761.1    3.18%    passed     99.19%
 125  OQ747758.1    3.18%    passed     99.59%
 126  OQ747759.1    3.18%    passed     99.80%
 127  OQ747762.1    3.18%    passed     99.80%
 128  PQ706937.1    3.18%    passed     98.31%
 129  OR381588.1    3.18%    passed     99.59%
 130  OR381676.1    3.18%    passed     99.87%
 131  OR381596.1    3.18%    passed     99.86%
 132  OR381604.1    3.18%    passed     99.86%
 133  OR381612.1    3.18%    passed     99.86%
 134  OR381620.1    3.18%    passed     99.86%
 135  PQ717897.1    3.18%    passed     99.96%
 136  PQ705937.1    3.18%    passed     98.94%
 137  PP488313.1    1.36%    passed    100.00%
 138  PP488329.1    1.36%    passed     99.87%
 139  PP488321.1    1.36%    passed     99.98%
 140  PP488337.1    1.36%    passed     99.98%
 141  PQ002114.1    0.40%    passed     99.96%
 142  PQ002122.1    0.40%    passed     99.96%
 143  PQ002130.1    0.40%    passed     99.96%
 144  PQ002138.1    0.40%    passed     99.96%
 145  PQ002146.1    0.40%    passed     99.96%
 146  PQ002154.1    0.40%    passed     99.96%
 147  OR987084.1    0.40%    passed     99.94%
 148  OR987100.1    0.17%    passed     99.92%
 149  OR987108.1    0.17%    passed     99.92%
 150  OR987124.1    0.17%    passed     99.92%
 151  OQ925725.1    0.17%    passed     99.55%
 152  PP768250.1    0.17%    passed     99.87%
 153  PP488345.1    1.93%    passed     99.74%
 154  PQ295907.1    1.14%    passed     99.76%
 155  OR987092.1    1.08%    passed     99.85%
 156  OR381652.1    3.18%    passed     99.06%
 157  OQ832505.2    3.75%    passed     99.68%
 158  PP796346.1    0.45%    passed     99.96%
 159  PP757903.1    0.45%    passed     99.96%
 160  PP758145.1    0.45%    passed     99.96%
 161  PP785567.1    0.45%    passed     99.93%
 162  PP757826.1    0.45%    passed     99.93%
 163  OR268598.1    0.51%    passed     99.93%
 164  OR269268.1    0.51%    passed     99.93%
 165  OR125255.1    0.45%    passed     99.93%
 166  OR125292.1    0.45%    passed     99.93%
 167  OR125322.1    0.45%    passed     99.93%
 168  OR125407.1    0.45%    passed     99.93%
 169  OR125482.1    0.45%    passed     99.93%
 170  OQ455396.1    0.45%    passed     99.93%
 171  OQ455401.1    0.51%    passed     99.93%
 172  OQ455410.1    0.45%    passed     99.93%
 173  OQ455416.1    0.45%    passed     99.93%
 174  OQ455422.1    0.45%    passed     99.93%
 175  OR265542.1    0.51%    passed     99.98%
 176  OR265608.1    0.51%    passed     99.98%
 177  OQ455466.1    0.68%    passed     99.92%
 178  OR265569.1    0.57%    passed     99.90%
 179  PP785712.1    0.45%    passed     99.85%
 180  PP757839.1    0.45%    passed     99.85%
 181  OR125155.1    0.45%    passed     99.85%
 182  OR125180.1    0.45%    passed     99.97%
 183  OR125250.1    0.45%    passed     99.96%
 184  OR125269.1    0.45%    passed     99.85%
 185  OR125340.1    0.45%    passed     99.96%
 186  OQ455458.1    0.45%    passed     99.85%
 187  OQ455437.1    0.51%    passed     99.99%
 188  PP785586.1    0.51%    passed     99.97%
 189  PP757806.1    0.51%    passed     99.97%
 190  PP785700.1    0.45%    passed     99.96%
 191  PP757858.1    0.45%    passed     99.96%
 192  OR265639.1    0.51%    passed     99.93%
 193  OR125238.1    0.45%    passed     99.96%
 194  OQ455442.1    0.62%    passed    100.00%
 195  OR125188.1    0.45%    passed     99.81%
 196  OR125233.1    0.45%    passed     99.81%
 197  OR125262.1    0.45%    passed     99.71%
 198  OR125370.1    0.45%    passed     99.56%
 199  OR125279.1    0.45%    passed     99.85%
 200  OR125471.1    0.45%    passed     99.85%
 201  OR125390.1    0.45%    passed     99.71%
 202  OQ458189.1    0.57%    passed     99.88%
 203  OR125135.1    0.45%    passed     99.93%
 204  OR125162.1    0.45%    passed     99.90%
 205  OR125201.1    0.45%    passed     99.90%
 206  OR125399.1    0.45%    passed     99.90%
 207  OR125452.1    0.45%    passed     99.90%
 208  OR125285.1    0.45%    passed     99.99%
 209  OR125312.1    0.45%    passed     99.93%
 210  PP778673.1    0.51%    passed     99.98%
 211  PP757817.1    0.51%    passed     99.98%
 212  OR265539.1    0.51%    passed     99.99%
 213  OR265573.1    0.51%    passed     99.93%
 214  OR125296.1    0.45%    passed     99.96%
 215  PP799744.1    0.45%    passed     99.97%
 216  PP758168.1    0.45%    passed     99.97%
 217  PP785716.1    0.45%    passed     99.99%
 218  PP757830.1    0.45%    passed     99.99%
 219  PP777983.1    0.51%    passed     99.78%
 220  PP757866.1    0.51%    passed     99.78%
 221  PP799771.1    0.45%    passed     99.90%
 222  PP757909.1    0.45%    passed     99.90%
 223  OR269134.1    0.45%    passed     99.89%
 224  OR125328.1    0.45%    passed     99.89%
 225  OR125244.1    0.45%    passed     99.94%
 226  OR125319.1    0.45%    passed     99.94%
 227  OR125361.1    0.45%    passed     99.92%
 228  OR125141.1    0.45%    passed     99.97%
 229  OR125384.1    0.45%    passed     99.97%
 230  OR125415.1    0.45%    passed     99.97%
 231  OR125433.1    0.45%    passed     99.97%
 232  OR125175.1    0.45%    passed     99.99%
 233  OR125209.1    0.45%    passed     99.97%
 234  OR125440.1    0.45%    passed     99.90%
 235  OR125463.1    0.45%    passed     99.90%
 236  OR268564.1    0.51%    passed     99.98%
 237  OR269259.1    0.51%    passed     99.98%
 238  OR265587.1    0.51%    passed     99.81%
 239  OR125334.1    0.45%    passed     99.84%
 240  OR125420.1    0.45%    passed     99.84%
 241  OR125495.1    0.45%    passed     99.84%
 242  OR125301.1    0.45%    passed     99.71%
 243  OR125489.1    0.45%    passed     99.89%
 244  OR125499.1    0.45%    passed     99.89%
 245  OR125458.1    0.45%    passed     99.87%
 246  OR125351.1    0.45%    passed     99.84%
 247  OR125446.1    0.45%    passed     99.82%
 248  OR125214.1    0.45%    passed     99.89%
 249  OR125219.1    0.45%    passed     99.89%
 250  PP799761.1    0.45%    passed     99.93%
 251  PP757851.1    0.45%    passed     99.93%
 252  OR265549.1    0.51%    passed     99.87%
 253  OR268570.1    0.57%    passed     99.84%
 254  OR269264.1    0.57%    passed     99.84%
 255  OQ547312.1    0.51%    passed     99.98%
 256  OQ547375.1    0.51%    passed     99.98%
 257  OQ547335.1    0.51%    passed     99.98%
 258  OQ547439.1    0.51%    passed     99.98%
 259  cov4486       0.51%    passed     99.98%
 260  covXXXX       0.97%    passed     99.71%
 261  cov4418       0.57%    passed     99.99%
 262  cov4425       0.62%    passed     99.97%
 263  cov4411       0.57%    passed     99.99%
 264  cov4422       0.74%    passed     99.94%
 265  cov4410       0.74%    passed     99.94%
 266  cov4485       1.65%    passed     99.94%
 267  cov4424       0.68%    passed     99.93%
 268  cov4401       0.57%    passed     99.97%
 269  cov4415       0.62%    passed     99.95%
 270  cov4402       0.68%    passed     99.97%
 271  cov4484       1.02%    passed     99.64%
 272  cov4409       0.74%    passed     99.83%
 273  cov4487       0.68%    passed     99.98%
 274  cov4483       3.18%    passed     99.82%
 275  cov4474       0.51%    passed     99.98%
 276  OQ547407.1    0.51%    passed     99.89%
 277  OQ547415.1    0.51%    passed     99.89%
 278  OQ547327.1    0.51%    passed     99.98%
 279  OQ547351.1    0.51%    passed     99.98%
 280  OQ547423.1    0.51%    passed     99.98%
 281  OQ547447.1    0.51%    passed     99.98%
 282  cov4441       2.27%    passed     99.09%
 283  OQ547343.1    0.51%    passed     99.94%
 284  cov4388       0.57%    passed     99.85%
 285  OQ547359.1    0.51%    passed     99.93%
 286  OQ547367.1    0.51%    passed     99.93%
 287  cov4475       0.51%    passed     99.83%
 288  cov4495       0.57%    passed     99.99%
 289  cov4433       0.74%    passed     99.87%
 290  cov4449       0.62%    passed     99.93%
 291  cov4386       0.74%    passed     99.98%
 292  cov4420       0.74%    passed     99.95%
 293  cov4406       0.80%    passed    100.00%
 294  cov4493       0.51%    passed     99.98%
 295  cov4393       0.51%    passed     99.91%
 296  cov4416       0.51%    passed     99.79%
 297  cov4496       0.57%    passed     99.72%
 298  OQ547431.1    0.51%    passed     99.98%
 299  cov4419       0.80%    passed     99.63%
 300  cov4373       0.74%    passed     99.87%
 301  OQ547319.1    0.51%    passed     99.96%
 302  OQ547383.1    0.51%    passed     99.98%
 303  cov4380       1.31%    passed     99.99%
 304  cov4404       2.61%    passed     99.92%
 305  cov4464       1.93%    passed     99.71%
 306  cov4389       2.10%    passed     99.82%
 307  cov4478       8.75%    passed     96.55%
 308  cov4417       0.57%    passed     99.95%
 309  cov4479       3.86%    passed     98.98%
 310  cov4445       1.02%    passed     99.64%
 311  cov4414       1.14%    passed     99.66%
 312  cov4482       1.65%    passed     99.98%
 313  cov4488       1.14%    passed     99.78%
 314  cov4491      21.53%    passed     72.20%
 315  cov4494       1.02%    passed     99.43%
 316  cov4490       0.68%    passed    100.00%
 317  cov4399       1.59%    passed     99.93%
 318  OQ547391.1    0.51%    passed     99.92%
 319  OQ547399.1    0.51%    passed     99.92%
 320  cov4492       0.68%    passed     99.97%
 321  OQ683458.1    0.45%    passed     99.72%
 322  OQ925717.1    1.76%    passed     99.99%
 323  OR125307.1    0.17%    passed     99.98%
 324  OQ352556.1    0.17%    passed     99.89%
 325  OQ565628.1    1.25%    passed     99.86%
 326  cov4437       2.84%    passed     99.63%
 327  cov4448       1.59%    passed     99.78%
 328  cov4438      10.85%    passed     92.33%
 329  OR839997.1    0.45%    passed     99.94%
 330  OR852415.1    0.17%    passed     99.85%
 331  PQ338025.1    0.17%    passed     99.92%
 332  PQ304239.1    0.17%    passed     99.92%
 333  PQ305000.1    0.17%    passed     99.92%
 334  PQ305024.1    0.17%    passed     99.92%
 335  PQ305058.1    0.23%    passed     99.94%
 336  OR910192.1    0.17%    passed     99.92%
 337  OR910289.1    0.17%    passed     99.92%
 338  OR910295.1    0.17%    passed     99.92%
 339  OR910389.1    0.17%    passed     99.92%
 340  OR910353.1    0.17%    passed     99.91%
 341  OR910409.1    0.17%    passed     99.92%
 342  OR910460.1    0.17%    passed     99.92%
 343  PQ300721.1    0.17%    passed     99.89%
 344  OR960975.1    0.17%    passed     99.89%
 345  OR910331.1    0.17%    passed     99.77%
 346  OQ550442.1    0.17%    passed     99.77%
 347  OQ550450.1    0.17%    passed     99.77%
 348  OQ550458.1    0.17%    passed     99.77%
 349  OQ550466.1    0.17%    passed     99.77%
 350  OR960992.1    0.17%    passed     99.87%
 351  OR910282.1    0.17%    passed     99.87%
 352  OR910435.1    0.17%    passed     99.87%
 353  OR910346.1    0.17%    passed     99.77%
 354  OR910453.1    0.17%    passed     99.96%
 355  OR910502.1    0.17%    passed     99.89%
 356  OR910487.1    0.17%    passed     99.89%
 357  OR979599.1    0.28%    passed     99.98%
 358  OQ550474.1    0.17%    passed     99.87%
 359  OR910378.1    0.17%    passed     99.77%
 360  PQ304209.1    0.17%    passed     99.55%
 361  PQ304256.1    0.17%    passed     99.55%
 362  PP829699.1    0.17%    passed     99.77%
 363  OR910178.1    0.17%    passed     99.77%
 364  OR910231.1    0.17%    passed     99.77%
 365  OR910238.1    0.17%    passed     99.77%
 366  OR910254.1    0.17%    passed     99.77%
 367  OR910325.1    0.17%    passed     99.77%
 368  OR910396.1    0.17%    passed     99.77%
 369  OR910521.1    0.17%    passed     99.77%
 370  OR591549.1    0.17%    passed     99.77%
 371  OR125345.1    0.17%    passed     99.77%
 372  OR125426.1    0.17%    passed     99.77%
 373  OQ352548.1    0.17%    passed     99.87%
 374  PP785596.1    0.28%    passed     99.55%
 375  PP757802.1    0.28%    passed     99.55%
 376  PQ305002.1    0.17%    passed     99.29%
 377  PQ300685.1    0.17%    passed     99.55%
 378  PQ300706.1    0.17%    passed     99.55%
 379  OR979626.1    0.23%    passed     99.70%
 380  OR910205.1    0.17%    passed     99.55%
 381  PQ300698.1    0.17%    passed     99.29%
 382  OR910468.1    0.17%    passed     99.55%
 383  OR960980.1    0.17%    passed     99.77%
 384  OR960985.1    0.17%    passed     99.77%
 385  PQ305010.1    0.23%    passed     99.94%
 386  PQ300675.1    0.17%    passed     99.94%
 387  OR961011.1    0.17%    passed     99.94%
 388  OR910164.1    0.17%    passed     99.94%
 389  OR910366.1    0.17%    passed     99.94%
 390  PP799803.1    0.17%    passed     99.89%
 391  OR910243.1    0.17%    passed     99.70%
 392  OR910371.1    0.17%    passed     99.96%
 393  OR910261.1    0.17%    passed     99.99%
 394  OR910301.1    0.17%    passed     99.99%
 395  OR960998.1    0.17%    passed     99.87%
 396  OR910159.1    0.17%    passed     99.87%
 397  OR910495.1    0.17%    passed     99.94%
 398  OR910447.1    0.17%    passed     99.99%
 399  PQ300707.1    0.17%    passed     99.68%
 400  OR961095.1    0.17%    passed     99.68%
 401  OR910153.1    0.17%    passed     99.68%
 402  OR910268.1    0.17%    passed     99.68%
 403  OR910528.1    0.17%    passed     99.68%
 404  OR125503.1    0.17%    passed     99.68%
 405  OR910419.1    0.17%    passed     99.89%
 406  PP799753.1    0.17%    passed     99.91%
 407  PP785576.1    0.17%    passed     99.91%
 408  PP378130.1    0.17%    passed     99.91%
 409  OR910474.1    0.17%    passed     99.94%
 410  OR961005.1    0.17%    passed     99.89%
 411  OR910481.1    0.17%    passed     99.45%
 412  OR125356.1    0.17%    passed     99.79%
 413  OR910186.1    0.17%    passed     99.93%
 414  OR910318.1    0.17%    passed     99.88%
 415  OR910248.1    0.17%    passed     99.88%
 416  OR910415.1    0.17%    passed     99.86%
 417  PP786400.1    0.17%    passed     99.77%
 418  PQ300731.1    0.17%    passed     99.77%
 419  OR961083.1    0.17%    passed     99.77%
 420  OR961108.1    0.17%    passed     99.77%
 421  OR910145.1    0.17%    passed     99.94%
 422  OR910223.1    0.17%    passed     99.48%
 423  OR910404.1    0.17%    passed     99.76%
 424  OR910509.1    0.17%    passed     99.94%
 425  OR910515.1    0.17%    passed     99.96%
 426  OR910199.1    0.17%    passed     99.96%
 427  OR961102.1    0.17%    passed     99.44%
 428  PP829625.1    0.17%    passed     99.87%
 429  PP829708.1    0.17%    passed     99.87%
 430  OQ550434.1   18.64%    passed     88.87%
 431  OR910361.1    0.17%    passed     99.99%
 432  OR910442.1    0.17%    passed     99.99%
 433  OR910217.1    0.17%    passed     99.98%
 434  PQ304221.1    0.23%    passed     99.96%
 435  PQ304273.1    0.17%    passed     99.97%
 436  OR910308.1    0.17%    passed     99.68%
 437  OR910425.1    0.17%    passed     99.79%
 438  OR910384.1    0.17%    passed     99.62%
 439  OR979619.1    0.40%    passed     99.88%
 440  OQ550426.1    0.17%    passed     99.87%
 441  OR910275.1    0.17%    passed     99.96%
 442  OR910172.1    0.17%    passed     99.96%
 443  OR853751.1    0.17%    passed     99.84%
 444  PP779060.1    0.17%    passed     99.97%
 445  PP782205.1    0.17%    passed     99.97%
 446  PP779933.1    0.17%    passed     99.93%
 447  PP782339.1    0.17%    passed     99.97%
 448  OR860361.1    0.17%    passed     99.90%
 449  PP390166.1    0.17%    passed     99.79%
 450  OR420092.1    0.17%    passed     99.77%
 451  PP785021.1    0.28%    passed     99.83%
 452  PP768660.1    0.17%    passed     99.92%
 453  PP776752.1    0.17%    passed     99.75%
 454  OR910430.1    0.17%    passed     99.76%
 455  OR910477.1    0.17%    passed     99.79%
 456  PP778505.1    0.17%    passed     99.92%
 457  OR889491.1    0.17%    passed     99.90%
 458  OR269887.1    0.17%    passed     99.90%
 459  PP777458.1    0.17%    passed     97.75%
 460  PP780174.1    0.17%    passed     99.92%
 461  PP769614.1    0.17%    passed     99.78%
 462  PP769739.1    0.17%    passed     99.78%
 463  PQ304425.1    0.17%    passed     99.11%
 464  PQ304435.1    0.17%    passed     99.11%
 465  PQ304488.1    0.17%    passed     99.52%
 466  PQ304584.1    0.17%    passed     99.52%
 467  PQ304440.1    0.23%    passed     99.58%
 468  PQ304566.1    0.17%    passed     99.54%
 469  PP780446.1    1.02%    passed     99.44%
 470  OR853704.1    0.45%    passed     99.57%
 471  OR878088.1    0.17%    passed     99.90%
 472  OQ925704.1   34.32%    passed     88.48%
 473  OQ683482.1    0.23%    passed     97.13%
 474  PP692235.1    0.17%    passed     99.55%
 475  PP386940.1    2.67%    passed     99.47%
 476  PQ701161.1    3.18%    passed     98.08%
 477  PQ711425.1    3.18%    passed     96.75%
 478  OQ962044.1    3.18%    passed     98.28%
 479  OQ966260.1    3.18%    passed     97.58%
 480  PQ711801.1    3.18%    passed     99.54%
 481  PQ715825.1    3.18%    passed     97.36%
 482  PQ717273.1    3.18%    passed     98.28%
 483  PQ701449.1    3.18%    passed     93.84%
 484  PQ706769.1    3.18%    passed     98.77%
 485  PQ718977.1    3.18%    passed     95.56%
 486  OP950297.1    0.17%    passed     97.35%
 487  OP950305.1    0.17%    passed     98.55%
 488  OQ683466.1    0.51%    passed     97.21%
 489  OQ683498.1    0.51%    passed     98.07%
 490  OQ683474.1    0.45%    passed     96.68%
 491  cov4385      10.34%    passed     89.73%
 492  OQ683490.1    0.80%    passed     93.16%
 493  OQ797541.1    0.17%    passed     98.62%
 494  OL354834.1    0.17%    passed     98.32%
 495  MN068840.1    9.49%    passed     98.32%
 496  MN658692.1   13.41%    passed     87.92%
 497  MN658762.1   14.43%    passed     86.89%
 498  OL354574.1    0.17%    passed     98.52%
 499  MN874972.1    5.97%    passed     95.57%
 500  MH165596.1    3.18%    passed     99.51%
 501  KY320443.1    0.17%    passed     99.99%
 502  MK849807.1    3.18%    passed     99.11%
 503  MT781562.2    3.18%    passed     99.29%
 504  OR844540.1    1.36%    passed     98.74%
 505  PV125347.1    6.88%    passed     92.11%
 506  OR881253.1    0.17%    passed     96.92%
 507  OR987116.1   18.58%    passed     92.89%
 508  OQ925711.1   73.52%    passed     18.97%
 509  OR048377.1    3.18%    passed     99.88%
 510  LC625428.1    3.18%    passed     99.88%
 511  MZ235334.1    3.18%    passed     99.70%
 512  OQ747763.1    0.17%    passed     99.83%
 513  cov4471      79.66%    passed     28.67%
 514  KT936712.1    7.27%    passed     92.23%
 515  OR435575.1    3.35%    passed     96.84%
 516  MT510041.1    3.35%    passed     95.02%
 517  MW466114.1    0.68%    passed     89.57%
 518  MW097764.1    0.34%    passed     98.82%
 519  MW097767.1    1.42%    passed     99.28%
 520  MW097780.1    1.36%    passed     96.07%
 521  MW098432.1    0.80%    passed     91.09%
 522  MW098439.1    0.40%    passed     90.14%
 523  MW098447.1    2.73%    passed     89.85%
 524  MW098449.1    1.88%    passed     90.05%
 525  MW110024.1    3.18%    passed     99.88%
 526  MN577314.1    3.35%    passed     96.54%
 527  LC417179.1    1.19%    passed     93.10%
 528  LC274981.1    1.19%    passed     94.24%
 529  LC342515.1    0.40%    passed     88.53%
 530  MN128638.1    3.18%    passed     92.29%
 531  KX960168.1    3.35%    passed     99.32%
 532  KY415619.1    2.39%    passed     99.15%
 533  LC028307.1    0.34%    passed     96.06%
 534  MT295786.1    3.18%    passed     97.01%
 535  MW333310.1    0.17%    passed     91.54%
 536  MW333886.1    0.17%    passed     97.65%
 537  MW333918.1    0.17%    passed     99.75%
 538  MW334126.1    0.17%    passed     98.20%
 539  MW334374.1    0.17%    passed     97.61%
 540  MW334246.1    0.17%    passed     94.71%
 541  MW334502.1    0.23%    passed     97.93%
 542  MG965064.1    0.91%    passed     98.76%
 543  KR233982.1    0.91%    passed     98.98%
 544  MG965384.1    0.91%    passed     99.09%
 545  KT280932.1    0.91%    passed     99.46%
 546  KP307984.1    0.91%    passed     99.24%
 547  KJ509132.1    1.02%    passed     98.98%
 548  KX297877.1    3.18%    passed     99.52%
 549  KT936692.1    9.20%    passed     79.23%
 550  ON716438.1    3.18%    passed     95.41%
 551  MT547677.1    0.28%    passed     97.64%
 552  MT020020.1    0.17%    passed     98.39%
 553  cov3903      87.22%    passed      7.66%
 554  KU851866.1    0.17%    passed     32.79%
 555  KJ683880.1    3.18%    passed     54.80%
 556  PP947532.1    3.69%    passed     76.56%
 557  cov3904      89.38%    passed     14.97%
 558  PP502509.1    3.69%    passed     83.05%
 559  KX254928.1   63.18%    passed     35.60%
 560  KX101134.1   68.30%    passed     35.69%
 561  KX101141.1   64.89%    passed     44.90%
 562  MK163970.1    3.69%    passed     88.72%
 563  MK163984.1    3.69%    passed     90.90%
 564  MK164009.1   14.20%    passed     90.51%
 565  KX185908.1    3.69%    passed     99.88%
 566  MK071388.1    3.69%    passed     95.64%
 567  KX101207.1   64.20%    passed     66.21%
 568  PP829694.1    5.40%    passed     80.99%
 569  PP829711.1    0.68%    passed     78.07%
 570  PP829775.1    0.68%    passed     81.10%
 571  PP829958.1    0.68%    passed     65.98%
 572  PP829968.1    0.68%    passed     65.98%
 573  OP888702.1    0.68%    passed     91.84%
 574  MK167355.1    3.69%    passed     94.89%
 575  MH347216.1    0.68%    passed     94.18%
 576  MH546179.1    0.80%    passed     97.10%
 577  MH546355.1    0.68%    passed     98.67%
 578  CY177345.1    1.02%    passed     94.93%
 579  MK326790.1    0.68%    passed     99.77%
 580  MH547027.1    0.97%    passed     83.71%
 581  CY167046.1    0.97%    passed     88.65%
 582  MH068215.1    0.97%    passed     77.24%
 583  KF772948.1    1.76%    passed     77.44%
 584  CY207181.1    1.08%    passed     77.67%
 585  KC703342.1    3.69%    passed     89.83%
 586  CY207189.1    1.02%    passed     79.33%
 587  KC703334.1    3.69%    passed     86.43%
 588  KR137670.1    3.69%    passed     83.26%
 589  KJ162588.1    3.69%    passed     98.56%
 590  PQ207953.1    1.93%    passed     53.39%
 591  PQ208174.1    1.93%    passed     41.88%
 592  MZ564932.1    3.69%    passed     35.48%
 593  MZ565428.1    3.69%    passed     48.58%
 594  MZ564940.1    3.69%    passed     90.35%
 595  PQ500558.1   91.36%    passed     78.38%
 596  PQ500559.1   91.36%    passed     78.38%
 597  PQ500560.1   91.36%    passed     78.38%
 598  PQ500561.1   91.36%    passed     82.24%
WARNING: 12 sequences contain more than 50% gaps/ambiguity
****  TOTAL         3.13%  0 sequences failed composition chi2 test (p-value<5%; df=3)
NOTE: JX912995.1 is identical to JX912991.1 but kept for subsequent analysis
NOTE: PV162239.1 is identical to PV218513.1 but kept for subsequent analysis
NOTE: PP426575.1 is identical to PP426567.1 but kept for subsequent analysis
NOTE: OR381627.1 is identical to PP426583.1 but kept for subsequent analysis
NOTE: OR381644.1 is identical to OR381636.1 but kept for subsequent analysis
NOTE: OR912283.1 is identical to OR912282.1 but kept for subsequent analysis
NOTE: OR912285.1 is identical to OR912284.1 but kept for subsequent analysis
NOTE: OQ747760.1 is identical to OR591550.1 but kept for subsequent analysis
NOTE: OQ747762.1 is identical to OQ747759.1 but kept for subsequent analysis
NOTE: OR381604.1 is identical to OR381596.1 but kept for subsequent analysis
NOTE: PQ002122.1 is identical to PQ002114.1 but kept for subsequent analysis
NOTE: OR987108.1 is identical to OR987100.1 but kept for subsequent analysis
NOTE: PP757903.1 is identical to PP796346.1 but kept for subsequent analysis
NOTE: PP757826.1 is identical to PP785567.1 but kept for subsequent analysis
NOTE: OR269268.1 is identical to OR268598.1 but kept for subsequent analysis
NOTE: OR265608.1 is identical to OR265542.1 but kept for subsequent analysis
NOTE: PP757839.1 is identical to PP785712.1 but kept for subsequent analysis
NOTE: PP757806.1 is identical to PP785586.1 but kept for subsequent analysis
NOTE: PP757858.1 is identical to PP785700.1 but kept for subsequent analysis
NOTE: OR125233.1 is identical to OR125188.1 but kept for subsequent analysis
NOTE: OR125471.1 is identical to OR125279.1 but kept for subsequent analysis
NOTE: OR125201.1 is identical to OR125162.1 but kept for subsequent analysis
NOTE: PP757817.1 is identical to PP778673.1 but kept for subsequent analysis
NOTE: PP758168.1 is identical to PP799744.1 but kept for subsequent analysis
NOTE: PP757830.1 is identical to PP785716.1 but kept for subsequent analysis
NOTE: PP757866.1 is identical to PP777983.1 but kept for subsequent analysis
NOTE: PP757909.1 is identical to PP799771.1 but kept for subsequent analysis
NOTE: OR125328.1 is identical to OR269134.1 but kept for subsequent analysis
NOTE: OR125319.1 is identical to OR125244.1 but kept for subsequent analysis
NOTE: OR125384.1 is identical to OR125141.1 but kept for subsequent analysis
NOTE: OR269259.1 is identical to OR268564.1 but kept for subsequent analysis
NOTE: OR125420.1 is identical to OR125334.1 but kept for subsequent analysis
NOTE: OR125499.1 is identical to OR125489.1 but kept for subsequent analysis
NOTE: OR125219.1 is identical to OR125214.1 but kept for subsequent analysis
NOTE: PP757851.1 is identical to PP799761.1 but kept for subsequent analysis
NOTE: OR269264.1 is identical to OR268570.1 but kept for subsequent analysis
NOTE: OQ547375.1 is identical to OQ547312.1 but kept for subsequent analysis
NOTE: OQ547439.1 is identical to OQ547335.1 but kept for subsequent analysis
NOTE: OQ547415.1 is identical to OQ547407.1 but kept for subsequent analysis
NOTE: OQ547351.1 is identical to OQ547327.1 but kept for subsequent analysis
NOTE: OQ547367.1 is identical to OQ547359.1 but kept for subsequent analysis
NOTE: OQ547399.1 is identical to OQ547391.1 but kept for subsequent analysis
NOTE: PQ304239.1 is identical to PQ338025.1 but kept for subsequent analysis
NOTE: OR910460.1 is identical to OR910409.1 but kept for subsequent analysis
NOTE: OR960975.1 is identical to PQ300721.1 but kept for subsequent analysis
NOTE: OQ550442.1 is identical to OR910331.1 but kept for subsequent analysis
NOTE: OR910435.1 is identical to OR910282.1 but kept for subsequent analysis
NOTE: OR910178.1 is identical to PP829699.1 but kept for subsequent analysis
NOTE: PP757802.1 is identical to PP785596.1 but kept for subsequent analysis
NOTE: PQ300706.1 is identical to PQ300685.1 but kept for subsequent analysis
NOTE: OR960985.1 is identical to OR960980.1 but kept for subsequent analysis
NOTE: OR961011.1 is identical to PQ300675.1 but kept for subsequent analysis
NOTE: OR961095.1 is identical to PQ300707.1 but kept for subsequent analysis
NOTE: PP785576.1 is identical to PP799753.1 but kept for subsequent analysis
NOTE: OR961083.1 is identical to PQ300731.1 but kept for subsequent analysis
NOTE: PP829708.1 is identical to PP829625.1 but kept for subsequent analysis
NOTE: OR910442.1 is identical to OR910361.1 but kept for subsequent analysis
NOTE: PP782205.1 is identical to PP779060.1 but kept for subsequent analysis
NOTE: PP780174.1 is identical to PP778505.1 but kept for subsequent analysis
NOTE: OR269887.1 is identical to OR889491.1 but kept for subsequent analysis
NOTE: PP769739.1 is identical to PP769614.1 but kept for subsequent analysis
NOTE: PQ304435.1 is identical to PQ304425.1 but kept for subsequent analysis
NOTE: PQ304584.1 is identical to PQ304488.1 but kept for subsequent analysis
NOTE: PP829968.1 is identical to PP829958.1 but kept for subsequent analysis
NOTE: PQ500559.1 is identical to PQ500558.1 but kept for subsequent analysis
NOTE: 65 identical sequences (see below) will be ignored for subsequent analysis
NOTE: OR381660.1 (identical to PP426583.1) is ignored but added at the end
NOTE: OR381668.1 (identical to PP426583.1) is ignored but added at the end
NOTE: OR912287.1 (identical to OR912282.1) is ignored but added at the end
NOTE: OR912288.1 (identical to OR912282.1) is ignored but added at the end
NOTE: OR912289.1 (identical to OR912282.1) is ignored but added at the end
NOTE: OR912291.1 (identical to OR912284.1) is ignored but added at the end
NOTE: OR912293.1 (identical to OR912284.1) is ignored but added at the end
NOTE: OR912354.1 (identical to OR912284.1) is ignored but added at the end
NOTE: OR912362.1 (identical to OR912284.1) is ignored but added at the end
NOTE: OR381612.1 (identical to OR381596.1) is ignored but added at the end
NOTE: OR381620.1 (identical to OR381596.1) is ignored but added at the end
NOTE: PQ002130.1 (identical to PQ002114.1) is ignored but added at the end
NOTE: PQ002138.1 (identical to PQ002114.1) is ignored but added at the end
NOTE: PQ002146.1 (identical to PQ002114.1) is ignored but added at the end
NOTE: PQ002154.1 (identical to PQ002114.1) is ignored but added at the end
NOTE: OR987124.1 (identical to OR987100.1) is ignored but added at the end
NOTE: PP758145.1 (identical to PP796346.1) is ignored but added at the end
NOTE: OR125255.1 (identical to PP785567.1) is ignored but added at the end
NOTE: OR125292.1 (identical to PP785567.1) is ignored but added at the end
NOTE: OR125322.1 (identical to PP785567.1) is ignored but added at the end
NOTE: OR125407.1 (identical to PP785567.1) is ignored but added at the end
NOTE: OR125482.1 (identical to PP785567.1) is ignored but added at the end
NOTE: OQ455396.1 (identical to PP785567.1) is ignored but added at the end
NOTE: OQ455410.1 (identical to PP785567.1) is ignored but added at the end
NOTE: OQ455416.1 (identical to PP785567.1) is ignored but added at the end
NOTE: OQ455422.1 (identical to PP785567.1) is ignored but added at the end
NOTE: OQ455401.1 (identical to OR268598.1) is ignored but added at the end
NOTE: OR125238.1 (identical to PP785700.1) is ignored but added at the end
NOTE: OR125399.1 (identical to OR125162.1) is ignored but added at the end
NOTE: OR125452.1 (identical to OR125162.1) is ignored but added at the end
NOTE: OR125415.1 (identical to OR125141.1) is ignored but added at the end
NOTE: OR125433.1 (identical to OR125141.1) is ignored but added at the end
NOTE: OR125495.1 (identical to OR125334.1) is ignored but added at the end
NOTE: cov4486 (identical to OQ547335.1) is ignored but added at the end
NOTE: OQ547423.1 (identical to OQ547327.1) is ignored but added at the end
NOTE: OQ547447.1 (identical to OQ547327.1) is ignored but added at the end
NOTE: PQ305000.1 (identical to PQ338025.1) is ignored but added at the end
NOTE: PQ305024.1 (identical to PQ338025.1) is ignored but added at the end
NOTE: OR910192.1 (identical to PQ338025.1) is ignored but added at the end
NOTE: OR910289.1 (identical to PQ338025.1) is ignored but added at the end
NOTE: OR910295.1 (identical to PQ338025.1) is ignored but added at the end
NOTE: OR910389.1 (identical to PQ338025.1) is ignored but added at the end
NOTE: OQ550450.1 (identical to OR910331.1) is ignored but added at the end
NOTE: OQ550458.1 (identical to OR910331.1) is ignored but added at the end
NOTE: OQ550466.1 (identical to OR910331.1) is ignored but added at the end
NOTE: OR910231.1 (identical to PP829699.1) is ignored but added at the end
NOTE: OR910238.1 (identical to PP829699.1) is ignored but added at the end
NOTE: OR910254.1 (identical to PP829699.1) is ignored but added at the end
NOTE: OR910325.1 (identical to PP829699.1) is ignored but added at the end
NOTE: OR910396.1 (identical to PP829699.1) is ignored but added at the end
NOTE: OR910521.1 (identical to PP829699.1) is ignored but added at the end
NOTE: OR591549.1 (identical to PP829699.1) is ignored but added at the end
NOTE: OR125345.1 (identical to PP829699.1) is ignored but added at the end
NOTE: OR125426.1 (identical to PP829699.1) is ignored but added at the end
NOTE: OR910205.1 (identical to PQ300685.1) is ignored but added at the end
NOTE: OR910164.1 (identical to PQ300675.1) is ignored but added at the end
NOTE: OR910366.1 (identical to PQ300675.1) is ignored but added at the end
NOTE: OR910153.1 (identical to PQ300707.1) is ignored but added at the end
NOTE: OR910268.1 (identical to PQ300707.1) is ignored but added at the end
NOTE: OR910528.1 (identical to PQ300707.1) is ignored but added at the end
NOTE: OR125503.1 (identical to PQ300707.1) is ignored but added at the end
NOTE: PP378130.1 (identical to PP799753.1) is ignored but added at the end
NOTE: OR961108.1 (identical to PQ300731.1) is ignored but added at the end
NOTE: OR878088.1 (identical to OR889491.1) is ignored but added at the end
NOTE: PQ500560.1 (identical to PQ500558.1) is ignored but added at the end
Alignment was printed to output/tree/focal_aligned-delim.fasta.uniqueseq.phy

For your convenience alignment with unique sequences printed to output/tree/focal_aligned-delim.fasta.uniqueseq.phy

Create initial parsimony tree by phylogenetic likelihood library (PLL)... 0.128 seconds

NOTE: 21 MB RAM (0 GB) is required!
Measuring multi-threading efficiency up to 12 CPU cores
Increase to 10 rounds for branch lengths
27 trees examined
Threads: 1 / Time: 12.196 sec / Speedup: 1.000 / Efficiency: 100% / LogL: -140772
Threads: 2 / Time: 7.351 sec / Speedup: 1.659 / Efficiency: 83% / LogL: -140772
Threads: 3 / Time: 5.579 sec / Speedup: 2.186 / Efficiency: 73% / LogL: -140772
Threads: 4 / Time: 4.670 sec / Speedup: 2.611 / Efficiency: 65% / LogL: -140772
Threads: 5 / Time: 4.280 sec / Speedup: 2.850 / Efficiency: 57% / LogL: -140772
Threads: 6 / Time: 6.326 sec / Speedup: 1.928 / Efficiency: 32% / LogL: -140772
BEST NUMBER OF THREADS: 5

Estimate model parameters (epsilon = 0.500)
1. Initial log-likelihood: -34039.013
2. Current log-likelihood: -31388.896
3. Current log-likelihood: -31386.390
Optimal log-likelihood: -31386.390
Rate parameters:  A-C: 1.73646  A-G: 7.96133  A-T: 0.83327  C-G: 0.30142  C-T: 11.64529  G-T: 1.00000
Base frequencies:  A: 0.347  C: 0.186  G: 0.230  T: 0.238
Parameters optimization took 3 rounds (0.924 sec)
Wrote distance file to... 
Computing ML distances based on estimated model parameters...
Calculating distance matrix: done in 0.129163 secs using 475.9% CPU
Computing ML distances took 0.130735 sec (of wall-clock time) 0.617426 sec (of CPU time)
Setting up auxiliary I and S matrices: done in 0.00585887 secs using 156.2% CPU
Computing RapidNJ tree took 0.020508 sec (of wall-clock time) 0.034427 sec (of CPU time)
Log-likelihood of RapidNJ tree: -31793.467
--------------------------------------------------------------------
|             INITIALIZING CANDIDATE TREE SET                      |
--------------------------------------------------------------------

Do NNI search on 2 best initial trees
Estimate model parameters (epsilon = 0.500)
BETTER TREE FOUND at iteration 1: -31373.193
Finish initializing candidate tree set (4)
Current best tree score: -31373.193 / CPU time: 1.138
Number of iterations: 2
TREE SEARCH COMPLETED AFTER 2 ITERATIONS / Time: 0h:0m:43s

--------------------------------------------------------------------
|                    FINALIZING TREE SEARCH                        |
--------------------------------------------------------------------
Performs final model parameters optimization
Estimate model parameters (epsilon = 0.050)
1. Initial log-likelihood: -31373.193
Optimal log-likelihood: -31373.193
Rate parameters:  A-C: 1.73676  A-G: 7.99720  A-T: 0.82247  C-G: 0.31225  C-T: 11.62971  G-T: 1.00000
Base frequencies:  A: 0.347  C: 0.186  G: 0.230  T: 0.238
Parameters optimization took 1 rounds (0.095 sec)
BEST SCORE FOUND : -31373.193
Total tree length: 3.021

Total number of iterations: 2
CPU time used for tree search: 5.409 sec (0h:0m:5s)
Wall-clock time used for tree search: 1.141 sec (0h:0m:1s)
Total CPU time used: 131.026 sec (0h:2m:11s)
Total wall-clock time used: 43.241 sec (0h:0m:43s)

Analysis results written to: 
  IQ-TREE report:                output/tree/focal_aligned-delim.fasta.iqtree
  Maximum-likelihood tree:       output/tree/focal_aligned-delim.fasta.treefile
  Likelihood distances:          output/tree/focal_aligned-delim.fasta.mldist
  Screen log file:               output/tree/focal_aligned-delim.fasta.log

Date and Time: Sun Apr  6 23:26:44 2025
